# JRE version: Java(TM) SE Runtime Environment (8.0_112-b15) (build 1.8.0_112-b15)
# Java VM: Java HotSpot(TM) Client VM (25.112-b15 mixed mode windows-x86 )
Heap:
 def new generation   total 16640K, used 7694K [0x05400000, 0x06600000, 0x1a950000)
  eden space 14848K,  43% used [0x05400000, 0x05a5f950, 0x06280000)
  from space 1792K,  65% used [0x06280000, 0x063a41c0, 0x06440000)
  to   space 1792K,   0% used [0x06440000, 0x06440000, 0x06600000)
 tenured generation   total 36632K, used 31538K [0x1a950000, 0x1cd16000, 0x45400000)
   the space 36632K,  86% used [0x1a950000, 0x1c81cbe8, 0x1c81cc00, 0x1cd16000)
 Metaspace       used 35343K, capacity 36196K, committed 36224K, reserved 36224K
GC Heap History (10 events):
Event: 15.847 GC heap before
{Heap before GC invocations=89 (full 4):
 def new generation   total 16640K, used 16241K [0x05400000, 0x06600000, 0x1a950000)
  eden space 14848K, 100% used [0x05400000, 0x06280000, 0x06280000)
  from space 1792K,  77% used [0x06440000, 0x0659c6f0, 0x06600000)
  to   space 1792K,   0% used [0x06280000, 0x06280000, 0x06440000)
 tenured generation   total 36632K, used 24044K [0x1a950000, 0x1cd16000, 0x45400000)
   the space 36632K,  65% used [0x1a950000, 0x1c0cb228, 0x1c0cb400, 0x1cd16000)
 Metaspace       used 33794K, capacity 34627K, committed 34688K, reserved 35200K
Event: 15.856 GC heap after
Heap after GC invocations=90 (full 4):
 def new generation   total 16640K, used 1501K [0x05400000, 0x06600000, 0x1a950000)
  eden space 14848K,   0% used [0x05400000, 0x05400000, 0x06280000)
  from space 1792K,  83% used [0x06280000, 0x063f7408, 0x06440000)
  to   space 1792K,   0% used [0x06440000, 0x06440000, 0x06600000)
 tenured generation   total 36632K, used 24929K [0x1a950000, 0x1cd16000, 0x45400000)
   the space 36632K,  68% used [0x1a950000, 0x1c1a84c8, 0x1c1a8600, 0x1cd16000)
 Metaspace       used 33794K, capacity 34627K, committed 34688K, reserved 35200K
}
Event: 15.977 GC heap before
{Heap before GC invocations=90 (full 4):
 def new generation   total 16640K, used 16349K [0x05400000, 0x06600000, 0x1a950000)
  eden space 14848K, 100% used [0x05400000, 0x06280000, 0x06280000)
  from space 1792K,  83% used [0x06280000, 0x063f7408, 0x06440000)
  to   space 1792K,   0% used [0x06440000, 0x06440000, 0x06600000)
 tenured generation   total 36632K, used 24929K [0x1a950000, 0x1cd16000, 0x45400000)
   the space 36632K,  68% used [0x1a950000, 0x1c1a84c8, 0x1c1a8600, 0x1cd16000)
 Metaspace       used 33862K, capacity 34693K, committed 34816K, reserved 35200K
Event: 15.983 GC heap after
Heap after GC invocations=91 (full 4):
 def new generation   total 16640K, used 600K [0x05400000, 0x06600000, 0x1a950000)
  eden space 14848K,   0% used [0x05400000, 0x05400000, 0x06280000)
  from space 1792K,  33% used [0x06440000, 0x064d6350, 0x06600000)
  to   space 1792K,   0% used [0x06280000, 0x06280000, 0x06440000)
 tenured generation   total 36632K, used 25666K [0x1a950000, 0x1cd16000, 0x45400000)
   the space 36632K,  70% used [0x1a950000, 0x1c2609b0, 0x1c260a00, 0x1cd16000)
 Metaspace       used 33862K, capacity 34693K, committed 34816K, reserved 35200K
}
Event: 16.098 GC heap before
{Heap before GC invocations=91 (full 4):
 def new generation   total 16640K, used 15448K [0x05400000, 0x06600000, 0x1a950000)
  eden space 14848K, 100% used [0x05400000, 0x06280000, 0x06280000)
  from space 1792K,  33% used [0x06440000, 0x064d6350, 0x06600000)
  to   space 1792K,   0% used [0x06280000, 0x06280000, 0x06440000)
 tenured generation   total 36632K, used 25666K [0x1a950000, 0x1cd16000, 0x45400000)
   the space 36632K,  70% used [0x1a950000, 0x1c2609b0, 0x1c260a00, 0x1cd16000)
 Metaspace       used 33862K, capacity 34693K, committed 34816K, reserved 35200K
Event: 16.111 GC heap after
Heap after GC invocations=92 (full 4):
 def new generation   total 16640K, used 1792K [0x05400000, 0x06600000, 0x1a950000)
  eden space 14848K,   0% used [0x05400000, 0x05400000, 0x06280000)
  from space 1792K, 100% used [0x06280000, 0x06440000, 0x06440000)
  to   space 1792K,   0% used [0x06440000, 0x06440000, 0x06600000)
 tenured generation   total 36632K, used 27911K [0x1a950000, 0x1cd16000, 0x45400000)
   the space 36632K,  76% used [0x1a950000, 0x1c491f68, 0x1c492000, 0x1cd16000)
 Metaspace       used 33862K, capacity 34693K, committed 34816K, reserved 35200K
}
Event: 16.219 GC heap before
{Heap before GC invocations=92 (full 4):
 def new generation   total 16640K, used 16640K [0x05400000, 0x06600000, 0x1a950000)
  eden space 14848K, 100% used [0x05400000, 0x06280000, 0x06280000)
  from space 1792K, 100% used [0x06280000, 0x06440000, 0x06440000)
  to   space 1792K,   0% used [0x06440000, 0x06440000, 0x06600000)
 tenured generation   total 36632K, used 27911K [0x1a950000, 0x1cd16000, 0x45400000)
   the space 36632K,  76% used [0x1a950000, 0x1c491f68, 0x1c492000, 0x1cd16000)
 Metaspace       used 34050K, capacity 34888K, committed 34944K, reserved 35200K
Event: 16.233 GC heap after
Heap after GC invocations=93 (full 4):
 def new generation   total 16640K, used 1792K [0x05400000, 0x06600000, 0x1a950000)
  eden space 14848K,   0% used [0x05400000, 0x05400000, 0x06280000)
  from space 1792K, 100% used [0x06440000, 0x06600000, 0x06600000)
  to   space 1792K,   0% used [0x06280000, 0x06280000, 0x06440000)
 tenured generation   total 36632K, used 29766K [0x1a950000, 0x1cd16000, 0x45400000)
   the space 36632K,  81% used [0x1a950000, 0x1c6619e8, 0x1c661a00, 0x1cd16000)
 Metaspace       used 34050K, capacity 34888K, committed 34944K, reserved 35200K
}
Event: 16.372 GC heap before
{Heap before GC invocations=93 (full 4):
 def new generation   total 16640K, used 16640K [0x05400000, 0x06600000, 0x1a950000)
  eden space 14848K, 100% used [0x05400000, 0x06280000, 0x06280000)
  from space 1792K, 100% used [0x06440000, 0x06600000, 0x06600000)
  to   space 1792K,   0% used [0x06280000, 0x06280000, 0x06440000)
 tenured generation   total 36632K, used 29766K [0x1a950000, 0x1cd16000, 0x45400000)
   the space 36632K,  81% used [0x1a950000, 0x1c6619e8, 0x1c661a00, 0x1cd16000)
 Metaspace       used 34955K, capacity 35809K, committed 35840K, reserved 36224K
Event: 16.385 GC heap after
Heap after GC invocations=94 (full 4):
 def new generation   total 16640K, used 1168K [0x05400000, 0x06600000, 0x1a950000)
  eden space 14848K,   0% used [0x05400000, 0x05400000, 0x06280000)
  from space 1792K,  65% used [0x06280000, 0x063a41c0, 0x06440000)
  to   space 1792K,   0% used [0x06440000, 0x06440000, 0x06600000)
 tenured generation   total 36632K, used 31538K [0x1a950000, 0x1cd16000, 0x45400000)
   the space 36632K,  86% used [0x1a950000, 0x1c81cbe8, 0x1c81cc00, 0x1cd16000)
 Metaspace       used 34955K, capacity 35809K, committed 35840K, reserved 36224K
}

