# JRE version: Java(TM) SE Runtime Environment (8.0_112-b15) (build 1.8.0_112-b15)
# Java VM: Java HotSpot(TM) Client VM (25.112-b15 mixed mode windows-x86 )
Heap:
 def new generation   total 25344K, used 5512K [0x05400000, 0x06f70000, 0x1a950000)
  eden space 22592K,  16% used [0x05400000, 0x057ba3c8, 0x06a10000)
  from space 2752K,  61% used [0x06a10000, 0x06bb7f40, 0x06cc0000)
  to   space 2752K,   0% used [0x06cc0000, 0x06cc0000, 0x06f70000)
 tenured generation   total 55912K, used 37308K [0x1a950000, 0x1dfea000, 0x45400000)
   the space 55912K,  66% used [0x1a950000, 0x1cdbf098, 0x1cdbf200, 0x1dfea000)
 Metaspace       used 37169K, capacity 38218K, committed 38912K, reserved 39296K
GC Heap History (10 events):
Event: 27.887 GC heap before
{Heap before GC invocations=100 (full 4):
 def new generation   total 21888K, used 20884K [0x05400000, 0x06bb0000, 0x1a950000)
  eden space 19520K, 100% used [0x05400000, 0x06710000, 0x06710000)
  from space 2368K,  57% used [0x06960000, 0x06ab5320, 0x06bb0000)
  to   space 2368K,   0% used [0x06710000, 0x06710000, 0x06960000)
 tenured generation   total 48288K, used 45509K [0x1a950000, 0x1d878000, 0x45400000)
   the space 48288K,  94% used [0x1a950000, 0x1d5c1478, 0x1d5c1600, 0x1d878000)
 Metaspace       used 35698K, capacity 36915K, committed 36992K, reserved 37248K
Event: 27.906 GC heap after
Heap after GC invocations=101 (full 4):
 def new generation   total 21888K, used 2368K [0x05400000, 0x06bb0000, 0x1a950000)
  eden space 19520K,   0% used [0x05400000, 0x05400000, 0x06710000)
  from space 2368K, 100% used [0x06710000, 0x06960000, 0x06960000)
  to   space 2368K,   0% used [0x06960000, 0x06960000, 0x06bb0000)
 tenured generation   total 48288K, used 45832K [0x1a950000, 0x1d878000, 0x45400000)
   the space 48288K,  94% used [0x1a950000, 0x1d612070, 0x1d612200, 0x1d878000)
 Metaspace       used 35698K, capacity 36915K, committed 36992K, reserved 37248K
}
Event: 28.699 GC heap before
{Heap before GC invocations=101 (full 4):
 def new generation   total 21888K, used 21888K [0x05400000, 0x06bb0000, 0x1a950000)
  eden space 19520K, 100% used [0x05400000, 0x06710000, 0x06710000)
  from space 2368K, 100% used [0x06710000, 0x06960000, 0x06960000)
  to   space 2368K,   0% used [0x06960000, 0x06960000, 0x06bb0000)
 tenured generation   total 48288K, used 45832K [0x1a950000, 0x1d878000, 0x45400000)
   the space 48288K,  94% used [0x1a950000, 0x1d612070, 0x1d612200, 0x1d878000)
 Metaspace       used 36317K, capacity 37575K, committed 37632K, reserved 38272K
Event: 28.721 GC heap after
Heap after GC invocations=102 (full 4):
 def new generation   total 21888K, used 2060K [0x05400000, 0x06bb0000, 0x1a950000)
  eden space 19520K,   0% used [0x05400000, 0x05400000, 0x06710000)
  from space 2368K,  87% used [0x06960000, 0x06b633b0, 0x06bb0000)
  to   space 2368K,   0% used [0x06710000, 0x06710000, 0x06960000)
 tenured generation   total 48288K, used 47769K [0x1a950000, 0x1d878000, 0x45400000)
   the space 48288K,  98% used [0x1a950000, 0x1d7f64c0, 0x1d7f6600, 0x1d878000)
 Metaspace       used 36317K, capacity 37575K, committed 37632K, reserved 38272K
}
Event: 29.337 GC heap before
{Heap before GC invocations=102 (full 4):
 def new generation   total 21888K, used 21580K [0x05400000, 0x06bb0000, 0x1a950000)
  eden space 19520K, 100% used [0x05400000, 0x06710000, 0x06710000)
  from space 2368K,  87% used [0x06960000, 0x06b633b0, 0x06bb0000)
  to   space 2368K,   0% used [0x06710000, 0x06710000, 0x06960000)
 tenured generation   total 48288K, used 47769K [0x1a950000, 0x1d878000, 0x45400000)
   the space 48288K,  98% used [0x1a950000, 0x1d7f64c0, 0x1d7f6600, 0x1d878000)
 Metaspace       used 36601K, capacity 37873K, committed 37888K, reserved 38272K
Event: 29.560 GC heap after
Heap after GC invocations=103 (full 5):
 def new generation   total 25344K, used 0K [0x05400000, 0x06f70000, 0x1a950000)
  eden space 22592K,   0% used [0x05400000, 0x05400000, 0x06a10000)
  from space 2752K,   0% used [0x06a10000, 0x06a10000, 0x06cc0000)
  to   space 2752K,   0% used [0x06cc0000, 0x06cc0000, 0x06f70000)
 tenured generation   total 55912K, used 33546K [0x1a950000, 0x1dfea000, 0x45400000)
   the space 55912K,  59% used [0x1a950000, 0x1ca12b50, 0x1ca12c00, 0x1dfea000)
 Metaspace       used 35698K, capacity 36747K, committed 37888K, reserved 38272K
}
Event: 29.977 GC heap before
{Heap before GC invocations=103 (full 5):
 def new generation   total 25344K, used 22592K [0x05400000, 0x06f70000, 0x1a950000)
  eden space 22592K, 100% used [0x05400000, 0x06a10000, 0x06a10000)
  from space 2752K,   0% used [0x06a10000, 0x06a10000, 0x06cc0000)
  to   space 2752K,   0% used [0x06cc0000, 0x06cc0000, 0x06f70000)
 tenured generation   total 55912K, used 33546K [0x1a950000, 0x1dfea000, 0x45400000)
   the space 55912K,  59% used [0x1a950000, 0x1ca12b50, 0x1ca12c00, 0x1dfea000)
 Metaspace       used 35712K, capacity 36747K, committed 37888K, reserved 38272K
Event: 30.003 GC heap after
Heap after GC invocations=104 (full 5):
 def new generation   total 25344K, used 2752K [0x05400000, 0x06f70000, 0x1a950000)
  eden space 22592K,   0% used [0x05400000, 0x05400000, 0x06a10000)
  from space 2752K, 100% used [0x06cc0000, 0x06f70000, 0x06f70000)
  to   space 2752K,   0% used [0x06a10000, 0x06a10000, 0x06cc0000)
 tenured generation   total 55912K, used 34567K [0x1a950000, 0x1dfea000, 0x45400000)
   the space 55912K,  61% used [0x1a950000, 0x1cb11e58, 0x1cb12000, 0x1dfea000)
 Metaspace       used 35712K, capacity 36747K, committed 37888K, reserved 38272K
}
Event: 31.886 GC heap before
{Heap before GC invocations=104 (full 5):
 def new generation   total 25344K, used 25344K [0x05400000, 0x06f70000, 0x1a950000)
  eden space 22592K, 100% used [0x05400000, 0x06a10000, 0x06a10000)
  from space 2752K, 100% used [0x06cc0000, 0x06f70000, 0x06f70000)
  to   space 2752K,   0% used [0x06a10000, 0x06a10000, 0x06cc0000)
 tenured generation   total 55912K, used 34567K [0x1a950000, 0x1dfea000, 0x45400000)
   the space 55912K,  61% used [0x1a950000, 0x1cb11e58, 0x1cb12000, 0x1dfea000)
 Metaspace       used 37092K, capacity 38146K, committed 38912K, reserved 39296K
Event: 31.906 GC heap after
Heap after GC invocations=105 (full 5):
 def new generation   total 25344K, used 1695K [0x05400000, 0x06f70000, 0x1a950000)
  eden space 22592K,   0% used [0x05400000, 0x05400000, 0x06a10000)
  from space 2752K,  61% used [0x06a10000, 0x06bb7f40, 0x06cc0000)
  to   space 2752K,   0% used [0x06cc0000, 0x06cc0000, 0x06f70000)
 tenured generation   total 55912K, used 37308K [0x1a950000, 0x1dfea000, 0x45400000)
   the space 55912K,  66% used [0x1a950000, 0x1cdbf098, 0x1cdbf200, 0x1dfea000)
 Metaspace       used 37092K, capacity 38146K, committed 38912K, reserved 39296K
}

