# JRE version: Java(TM) SE Runtime Environment (8.0_112-b15) (build 1.8.0_112-b15)
# Java VM: Java HotSpot(TM) Client VM (25.112-b15 mixed mode windows-x86 )
Heap:
 def new generation   total 33472K, used 14445K [0x05400000, 0x07850000, 0x1a950000)
  eden space 29760K,  37% used [0x05400000, 0x05ef4328, 0x07110000)
  from space 3712K,  86% used [0x07110000, 0x07437298, 0x074b0000)
  to   space 3712K,   0% used [0x074b0000, 0x074b0000, 0x07850000)
 tenured generation   total 74148K, used 48163K [0x1a950000, 0x1f1b9000, 0x45400000)
   the space 74148K,  64% used [0x1a950000, 0x1d858d90, 0x1d858e00, 0x1f1b9000)
 Metaspace       used 37659K, capacity 38927K, committed 39040K, reserved 39296K
GC Heap History (10 events):
Event: 17.514 GC heap before
{Heap before GC invocations=99 (full 4):
 def new generation   total 21120K, used 20136K [0x05400000, 0x06ae0000, 0x1a950000)
  eden space 18816K, 100% used [0x05400000, 0x06660000, 0x06660000)
  from space 2304K,  57% used [0x06660000, 0x067aa0e0, 0x068a0000)
  to   space 2304K,   0% used [0x068a0000, 0x068a0000, 0x06ae0000)
 tenured generation   total 46636K, used 44481K [0x1a950000, 0x1d6db000, 0x45400000)
   the space 46636K,  95% used [0x1a950000, 0x1d4c0548, 0x1d4c0600, 0x1d6db000)
 Metaspace       used 35509K, capacity 36750K, committed 36864K, reserved 37248K
Event: 17.525 GC heap after
Heap after GC invocations=100 (full 4):
 def new generation   total 21120K, used 983K [0x05400000, 0x06ae0000, 0x1a950000)
  eden space 18816K,   0% used [0x05400000, 0x05400000, 0x06660000)
  from space 2304K,  42% used [0x068a0000, 0x06995d00, 0x06ae0000)
  to   space 2304K,   0% used [0x06660000, 0x06660000, 0x068a0000)
 tenured generation   total 46636K, used 45275K [0x1a950000, 0x1d6db000, 0x45400000)
   the space 46636K,  97% used [0x1a950000, 0x1d586de8, 0x1d586e00, 0x1d6db000)
 Metaspace       used 35509K, capacity 36750K, committed 36864K, reserved 37248K
}
Event: 17.891 GC heap before
{Heap before GC invocations=100 (full 4):
 def new generation   total 21120K, used 19799K [0x05400000, 0x06ae0000, 0x1a950000)
  eden space 18816K, 100% used [0x05400000, 0x06660000, 0x06660000)
  from space 2304K,  42% used [0x068a0000, 0x06995d00, 0x06ae0000)
  to   space 2304K,   0% used [0x06660000, 0x06660000, 0x068a0000)
 tenured generation   total 46636K, used 45275K [0x1a950000, 0x1d6db000, 0x45400000)
   the space 46636K,  97% used [0x1a950000, 0x1d586de8, 0x1d586e00, 0x1d6db000)
 Metaspace       used 35540K, capacity 36775K, committed 36864K, reserved 37248K
Event: 17.903 GC heap after
Heap after GC invocations=101 (full 4):
 def new generation   total 21120K, used 2304K [0x05400000, 0x06ae0000, 0x1a950000)
  eden space 18816K,   0% used [0x05400000, 0x05400000, 0x06660000)
  from space 2304K, 100% used [0x06660000, 0x068a0000, 0x068a0000)
  to   space 2304K,   0% used [0x068a0000, 0x068a0000, 0x06ae0000)
 tenured generation   total 46636K, used 45330K [0x1a950000, 0x1d6db000, 0x45400000)
   the space 46636K,  97% used [0x1a950000, 0x1d5949d0, 0x1d594a00, 0x1d6db000)
 Metaspace       used 35540K, capacity 36775K, committed 36864K, reserved 37248K
}
Event: 18.866 GC heap before
{Heap before GC invocations=101 (full 4):
 def new generation   total 21120K, used 21120K [0x05400000, 0x06ae0000, 0x1a950000)
  eden space 18816K, 100% used [0x05400000, 0x06660000, 0x06660000)
  from space 2304K, 100% used [0x06660000, 0x068a0000, 0x068a0000)
  to   space 2304K,   0% used [0x068a0000, 0x068a0000, 0x06ae0000)
 tenured generation   total 46636K, used 45330K [0x1a950000, 0x1d6db000, 0x45400000)
   the space 46636K,  97% used [0x1a950000, 0x1d5949d0, 0x1d594a00, 0x1d6db000)
 Metaspace       used 36103K, capacity 37339K, committed 37376K, reserved 38272K
Event: 19.117 GC heap after
Heap after GC invocations=102 (full 5):
 def new generation   total 33472K, used 0K [0x05400000, 0x07850000, 0x1a950000)
  eden space 29760K,   0% used [0x05400000, 0x05400000, 0x07110000)
  from space 3712K,   0% used [0x07110000, 0x07110000, 0x074b0000)
  to   space 3712K,   0% used [0x074b0000, 0x074b0000, 0x07850000)
 tenured generation   total 74148K, used 44487K [0x1a950000, 0x1f1b9000, 0x45400000)
   the space 74148K,  59% used [0x1a950000, 0x1d4c1d38, 0x1d4c1e00, 0x1f1b9000)
 Metaspace       used 36075K, capacity 37294K, committed 37376K, reserved 38272K
}
Event: 20.214 GC heap before
{Heap before GC invocations=102 (full 5):
 def new generation   total 33472K, used 29760K [0x05400000, 0x07850000, 0x1a950000)
  eden space 29760K, 100% used [0x05400000, 0x07110000, 0x07110000)
  from space 3712K,   0% used [0x07110000, 0x07110000, 0x074b0000)
  to   space 3712K,   0% used [0x074b0000, 0x074b0000, 0x07850000)
 tenured generation   total 74148K, used 44487K [0x1a950000, 0x1f1b9000, 0x45400000)
   the space 74148K,  59% used [0x1a950000, 0x1d4c1d38, 0x1d4c1e00, 0x1f1b9000)
 Metaspace       used 36528K, capacity 37789K, committed 37888K, reserved 38272K
Event: 20.236 GC heap after
Heap after GC invocations=103 (full 5):
 def new generation   total 33472K, used 3712K [0x05400000, 0x07850000, 0x1a950000)
  eden space 29760K,   0% used [0x05400000, 0x05400000, 0x07110000)
  from space 3712K, 100% used [0x074b0000, 0x07850000, 0x07850000)
  to   space 3712K,   0% used [0x07110000, 0x07110000, 0x074b0000)
 tenured generation   total 74148K, used 44771K [0x1a950000, 0x1f1b9000, 0x45400000)
   the space 74148K,  60% used [0x1a950000, 0x1d508e40, 0x1d509000, 0x1f1b9000)
 Metaspace       used 36528K, capacity 37789K, committed 37888K, reserved 38272K
}
Event: 20.573 GC heap before
{Heap before GC invocations=103 (full 5):
 def new generation   total 33472K, used 33472K [0x05400000, 0x07850000, 0x1a950000)
  eden space 29760K, 100% used [0x05400000, 0x07110000, 0x07110000)
  from space 3712K, 100% used [0x074b0000, 0x07850000, 0x07850000)
  to   space 3712K,   0% used [0x07110000, 0x07110000, 0x074b0000)
 tenured generation   total 74148K, used 44771K [0x1a950000, 0x1f1b9000, 0x45400000)
   the space 74148K,  60% used [0x1a950000, 0x1d508e40, 0x1d509000, 0x1f1b9000)
 Metaspace       used 36749K, capacity 37991K, committed 38016K, reserved 38272K
Event: 20.592 GC heap after
Heap after GC invocations=104 (full 5):
 def new generation   total 33472K, used 3228K [0x05400000, 0x07850000, 0x1a950000)
  eden space 29760K,   0% used [0x05400000, 0x05400000, 0x07110000)
  from space 3712K,  86% used [0x07110000, 0x07437298, 0x074b0000)
  to   space 3712K,   0% used [0x074b0000, 0x074b0000, 0x07850000)
 tenured generation   total 74148K, used 48163K [0x1a950000, 0x1f1b9000, 0x45400000)
   the space 74148K,  64% used [0x1a950000, 0x1d858d90, 0x1d858e00, 0x1f1b9000)
 Metaspace       used 36749K, capacity 37991K, committed 38016K, reserved 38272K
}

