# JRE version: Java(TM) SE Runtime Environment (8.0_112-b15) (build 1.8.0_112-b15)
# Java VM: Java HotSpot(TM) Client VM (25.112-b15 mixed mode windows-x86 )
Heap:
 def new generation   total 43648K, used 6078K [0x05400000, 0x08350000, 0x1a950000)
  eden space 38848K,   7% used [0x05400000, 0x056ef188, 0x079f0000)
  from space 4800K,  64% used [0x079f0000, 0x07cf0760, 0x07ea0000)
  to   space 4800K,   0% used [0x07ea0000, 0x07ea0000, 0x08350000)
 tenured generation   total 96676K, used 62116K [0x1a950000, 0x207b9000, 0x45400000)
   the space 96676K,  64% used [0x1a950000, 0x1e5f91f8, 0x1e5f9200, 0x207b9000)
 Metaspace       used 53758K, capacity 56024K, committed 56320K, reserved 56704K
GC Heap History (10 events):
Event: 396.864 GC heap before
{Heap before GC invocations=157 (full 8):
 def new generation   total 36352K, used 33727K [0x05400000, 0x07b70000, 0x1a950000)
  eden space 32320K, 100% used [0x05400000, 0x07390000, 0x07390000)
  from space 4032K,  34% used [0x07390000, 0x074efdc0, 0x07780000)
  to   space 4032K,   0% used [0x07780000, 0x07780000, 0x07b70000)
 tenured generation   total 80500K, used 76253K [0x1a950000, 0x1f7ed000, 0x45400000)
   the space 80500K,  94% used [0x1a950000, 0x1f3c7670, 0x1f3c7800, 0x1f7ed000)
 Metaspace       used 52427K, capacity 54865K, committed 54912K, reserved 55680K
Event: 396.879 GC heap after
Heap after GC invocations=158 (full 8):
 def new generation   total 36352K, used 4032K [0x05400000, 0x07b70000, 0x1a950000)
  eden space 32320K,   0% used [0x05400000, 0x05400000, 0x07390000)
  from space 4032K, 100% used [0x07780000, 0x07b70000, 0x07b70000)
  to   space 4032K,   0% used [0x07390000, 0x07390000, 0x07780000)
 tenured generation   total 80500K, used 77024K [0x1a950000, 0x1f7ed000, 0x45400000)
   the space 80500K,  95% used [0x1a950000, 0x1f4882c0, 0x1f488400, 0x1f7ed000)
 Metaspace       used 52427K, capacity 54865K, committed 54912K, reserved 55680K
}
Event: 398.997 GC heap before
{Heap before GC invocations=158 (full 8):
 def new generation   total 36352K, used 36352K [0x05400000, 0x07b70000, 0x1a950000)
  eden space 32320K, 100% used [0x05400000, 0x07390000, 0x07390000)
  from space 4032K, 100% used [0x07780000, 0x07b70000, 0x07b70000)
  to   space 4032K,   0% used [0x07390000, 0x07390000, 0x07780000)
 tenured generation   total 80500K, used 77024K [0x1a950000, 0x1f7ed000, 0x45400000)
   the space 80500K,  95% used [0x1a950000, 0x1f4882c0, 0x1f488400, 0x1f7ed000)
 Metaspace       used 53099K, capacity 55563K, committed 55680K, reserved 55680K
Event: 399.013 GC heap after
Heap after GC invocations=159 (full 8):
 def new generation   total 36352K, used 2161K [0x05400000, 0x07b70000, 0x1a950000)
  eden space 32320K,   0% used [0x05400000, 0x05400000, 0x07390000)
  from space 4032K,  53% used [0x07390000, 0x075ac718, 0x07780000)
  to   space 4032K,   0% used [0x07780000, 0x07780000, 0x07b70000)
 tenured generation   total 80500K, used 80319K [0x1a950000, 0x1f7ed000, 0x45400000)
   the space 80500K,  99% used [0x1a950000, 0x1f7bffa8, 0x1f7c0000, 0x1f7ed000)
 Metaspace       used 53099K, capacity 55563K, committed 55680K, reserved 55680K
}
Event: 399.462 GC heap before
{Heap before GC invocations=159 (full 8):
 def new generation   total 36352K, used 34481K [0x05400000, 0x07b70000, 0x1a950000)
  eden space 32320K, 100% used [0x05400000, 0x07390000, 0x07390000)
  from space 4032K,  53% used [0x07390000, 0x075ac718, 0x07780000)
  to   space 4032K,   0% used [0x07780000, 0x07780000, 0x07b70000)
 tenured generation   total 80500K, used 80319K [0x1a950000, 0x1f7ed000, 0x45400000)
   the space 80500K,  99% used [0x1a950000, 0x1f7bffa8, 0x1f7c0000, 0x1f7ed000)
 Metaspace       used 53152K, capacity 55617K, committed 55680K, reserved 55680K
Event: 399.667 GC heap after
Heap after GC invocations=160 (full 9):
 def new generation   total 43648K, used 0K [0x05400000, 0x08350000, 0x1a950000)
  eden space 38848K,   0% used [0x05400000, 0x05400000, 0x079f0000)
  from space 4800K,   0% used [0x079f0000, 0x079f0000, 0x07ea0000)
  to   space 4800K,   0% used [0x07ea0000, 0x07ea0000, 0x08350000)
 tenured generation   total 96676K, used 58003K [0x1a950000, 0x207b9000, 0x45400000)
   the space 96676K,  59% used [0x1a950000, 0x1e1f4e58, 0x1e1f5000, 0x207b9000)
 Metaspace       used 52907K, capacity 55186K, committed 55680K, reserved 55680K
}
Event: 400.574 GC heap before
{Heap before GC invocations=160 (full 9):
 def new generation   total 43648K, used 38848K [0x05400000, 0x08350000, 0x1a950000)
  eden space 38848K, 100% used [0x05400000, 0x079f0000, 0x079f0000)
  from space 4800K,   0% used [0x079f0000, 0x079f0000, 0x07ea0000)
  to   space 4800K,   0% used [0x07ea0000, 0x07ea0000, 0x08350000)
 tenured generation   total 96676K, used 58003K [0x1a950000, 0x207b9000, 0x45400000)
   the space 96676K,  59% used [0x1a950000, 0x1e1f4e58, 0x1e1f5000, 0x207b9000)
 Metaspace       used 53399K, capacity 55694K, committed 56064K, reserved 56704K
Event: 400.595 GC heap after
Heap after GC invocations=161 (full 9):
 def new generation   total 43648K, used 4800K [0x05400000, 0x08350000, 0x1a950000)
  eden space 38848K,   0% used [0x05400000, 0x05400000, 0x079f0000)
  from space 4800K, 100% used [0x07ea0000, 0x08350000, 0x08350000)
  to   space 4800K,   0% used [0x079f0000, 0x079f0000, 0x07ea0000)
 tenured generation   total 96676K, used 58025K [0x1a950000, 0x207b9000, 0x45400000)
   the space 96676K,  60% used [0x1a950000, 0x1e1fa4e8, 0x1e1fa600, 0x207b9000)
 Metaspace       used 53399K, capacity 55694K, committed 56064K, reserved 56704K
}
Event: 400.816 GC heap before
{Heap before GC invocations=161 (full 9):
 def new generation   total 43648K, used 43641K [0x05400000, 0x08350000, 0x1a950000)
  eden space 38848K,  99% used [0x05400000, 0x079ee730, 0x079f0000)
  from space 4800K, 100% used [0x07ea0000, 0x08350000, 0x08350000)
  to   space 4800K,   0% used [0x079f0000, 0x079f0000, 0x07ea0000)
 tenured generation   total 96676K, used 58025K [0x1a950000, 0x207b9000, 0x45400000)
   the space 96676K,  60% used [0x1a950000, 0x1e1fa4e8, 0x1e1fa600, 0x207b9000)
 Metaspace       used 53714K, capacity 55990K, committed 56320K, reserved 56704K
Event: 400.835 GC heap after
Heap after GC invocations=162 (full 9):
 def new generation   total 43648K, used 3073K [0x05400000, 0x08350000, 0x1a950000)
  eden space 38848K,   0% used [0x05400000, 0x05400000, 0x079f0000)
  from space 4800K,  64% used [0x079f0000, 0x07cf0760, 0x07ea0000)
  to   space 4800K,   0% used [0x07ea0000, 0x07ea0000, 0x08350000)
 tenured generation   total 96676K, used 62116K [0x1a950000, 0x207b9000, 0x45400000)
   the space 96676K,  64% used [0x1a950000, 0x1e5f91f8, 0x1e5f9200, 0x207b9000)
 Metaspace       used 53714K, capacity 55990K, committed 56320K, reserved 56704K
}

