# JRE version: Java(TM) SE Runtime Environment (8.0_112-b15) (build 1.8.0_112-b15)
# Java VM: Java HotSpot(TM) Client VM (25.112-b15 mixed mode windows-x86 )
Heap:
 def new generation   total 24320K, used 8693K [0x05400000, 0x06e60000, 0x1a950000)
  eden space 21632K,  31% used [0x05400000, 0x05aa57a8, 0x06920000)
  from space 2688K,  70% used [0x06920000, 0x06af7f38, 0x06bc0000)
  to   space 2688K,   0% used [0x06bc0000, 0x06bc0000, 0x06e60000)
 tenured generation   total 53740K, used 51977K [0x1a950000, 0x1ddcb000, 0x45400000)
   the space 53740K,  96% used [0x1a950000, 0x1dc12668, 0x1dc12800, 0x1ddcb000)
 Metaspace       used 39847K, capacity 41184K, committed 41216K, reserved 41344K
GC Heap History (10 events):
Event: 46.692 GC heap before
{Heap before GC invocations=111 (full 5):
 def new generation   total 24320K, used 22158K [0x05400000, 0x06e60000, 0x1a950000)
  eden space 21632K, 100% used [0x05400000, 0x06920000, 0x06920000)
  from space 2688K,  19% used [0x06bc0000, 0x06c43878, 0x06e60000)
  to   space 2688K,   0% used [0x06920000, 0x06920000, 0x06bc0000)
 tenured generation   total 53740K, used 42505K [0x1a950000, 0x1ddcb000, 0x45400000)
   the space 53740K,  79% used [0x1a950000, 0x1d2d26b0, 0x1d2d2800, 0x1ddcb000)
 Metaspace       used 37337K, capacity 38627K, committed 38656K, reserved 39296K
Event: 46.699 GC heap after
Heap after GC invocations=112 (full 5):
 def new generation   total 24320K, used 1425K [0x05400000, 0x06e60000, 0x1a950000)
  eden space 21632K,   0% used [0x05400000, 0x05400000, 0x06920000)
  from space 2688K,  53% used [0x06920000, 0x06a846e0, 0x06bc0000)
  to   space 2688K,   0% used [0x06bc0000, 0x06bc0000, 0x06e60000)
 tenured generation   total 53740K, used 42505K [0x1a950000, 0x1ddcb000, 0x45400000)
   the space 53740K,  79% used [0x1a950000, 0x1d2d26b0, 0x1d2d2800, 0x1ddcb000)
 Metaspace       used 37337K, capacity 38627K, committed 38656K, reserved 39296K
}
Event: 47.098 GC heap before
{Heap before GC invocations=112 (full 5):
 def new generation   total 24320K, used 23057K [0x05400000, 0x06e60000, 0x1a950000)
  eden space 21632K, 100% used [0x05400000, 0x06920000, 0x06920000)
  from space 2688K,  53% used [0x06920000, 0x06a846e0, 0x06bc0000)
  to   space 2688K,   0% used [0x06bc0000, 0x06bc0000, 0x06e60000)
 tenured generation   total 53740K, used 42505K [0x1a950000, 0x1ddcb000, 0x45400000)
   the space 53740K,  79% used [0x1a950000, 0x1d2d26b0, 0x1d2d2800, 0x1ddcb000)
 Metaspace       used 37931K, capacity 39229K, committed 39296K, reserved 39296K
Event: 47.113 GC heap after
Heap after GC invocations=113 (full 5):
 def new generation   total 24320K, used 2688K [0x05400000, 0x06e60000, 0x1a950000)
  eden space 21632K,   0% used [0x05400000, 0x05400000, 0x06920000)
  from space 2688K, 100% used [0x06bc0000, 0x06e60000, 0x06e60000)
  to   space 2688K,   0% used [0x06920000, 0x06920000, 0x06bc0000)
 tenured generation   total 53740K, used 43867K [0x1a950000, 0x1ddcb000, 0x45400000)
   the space 53740K,  81% used [0x1a950000, 0x1d426e20, 0x1d427000, 0x1ddcb000)
 Metaspace       used 37931K, capacity 39229K, committed 39296K, reserved 39296K
}
Event: 48.135 GC heap before
{Heap before GC invocations=113 (full 5):
 def new generation   total 24320K, used 24320K [0x05400000, 0x06e60000, 0x1a950000)
  eden space 21632K, 100% used [0x05400000, 0x06920000, 0x06920000)
  from space 2688K, 100% used [0x06bc0000, 0x06e60000, 0x06e60000)
  to   space 2688K,   0% used [0x06920000, 0x06920000, 0x06bc0000)
 tenured generation   total 53740K, used 43867K [0x1a950000, 0x1ddcb000, 0x45400000)
   the space 53740K,  81% used [0x1a950000, 0x1d426e20, 0x1d427000, 0x1ddcb000)
 Metaspace       used 38386K, capacity 39692K, committed 39808K, reserved 40320K
Event: 48.150 GC heap after
Heap after GC invocations=114 (full 5):
 def new generation   total 24320K, used 1594K [0x05400000, 0x06e60000, 0x1a950000)
  eden space 21632K,   0% used [0x05400000, 0x05400000, 0x06920000)
  from space 2688K,  59% used [0x06920000, 0x06aaea50, 0x06bc0000)
  to   space 2688K,   0% used [0x06bc0000, 0x06bc0000, 0x06e60000)
 tenured generation   total 53740K, used 46543K [0x1a950000, 0x1ddcb000, 0x45400000)
   the space 53740K,  86% used [0x1a950000, 0x1d6c3e68, 0x1d6c4000, 0x1ddcb000)
 Metaspace       used 38386K, capacity 39692K, committed 39808K, reserved 40320K
}
Event: 48.287 GC heap before
{Heap before GC invocations=114 (full 5):
 def new generation   total 24320K, used 23226K [0x05400000, 0x06e60000, 0x1a950000)
  eden space 21632K, 100% used [0x05400000, 0x06920000, 0x06920000)
  from space 2688K,  59% used [0x06920000, 0x06aaea50, 0x06bc0000)
  to   space 2688K,   0% used [0x06bc0000, 0x06bc0000, 0x06e60000)
 tenured generation   total 53740K, used 46543K [0x1a950000, 0x1ddcb000, 0x45400000)
   the space 53740K,  86% used [0x1a950000, 0x1d6c3e68, 0x1d6c4000, 0x1ddcb000)
 Metaspace       used 38386K, capacity 39692K, committed 39808K, reserved 40320K
Event: 48.305 GC heap after
Heap after GC invocations=115 (full 5):
 def new generation   total 24320K, used 2688K [0x05400000, 0x06e60000, 0x1a950000)
  eden space 21632K,   0% used [0x05400000, 0x05400000, 0x06920000)
  from space 2688K, 100% used [0x06bc0000, 0x06e60000, 0x06e60000)
  to   space 2688K,   0% used [0x06920000, 0x06920000, 0x06bc0000)
 tenured generation   total 53740K, used 49325K [0x1a950000, 0x1ddcb000, 0x45400000)
   the space 53740K,  91% used [0x1a950000, 0x1d97b6a0, 0x1d97b800, 0x1ddcb000)
 Metaspace       used 38386K, capacity 39692K, committed 39808K, reserved 40320K
}
Event: 48.451 GC heap before
{Heap before GC invocations=115 (full 5):
 def new generation   total 24320K, used 24320K [0x05400000, 0x06e60000, 0x1a950000)
  eden space 21632K, 100% used [0x05400000, 0x06920000, 0x06920000)
  from space 2688K, 100% used [0x06bc0000, 0x06e60000, 0x06e60000)
  to   space 2688K,   0% used [0x06920000, 0x06920000, 0x06bc0000)
 tenured generation   total 53740K, used 49325K [0x1a950000, 0x1ddcb000, 0x45400000)
   the space 53740K,  91% used [0x1a950000, 0x1d97b6a0, 0x1d97b800, 0x1ddcb000)
 Metaspace       used 39183K, capacity 40507K, committed 40576K, reserved 41344K
Event: 48.466 GC heap after
Heap after GC invocations=116 (full 5):
 def new generation   total 24320K, used 1887K [0x05400000, 0x06e60000, 0x1a950000)
  eden space 21632K,   0% used [0x05400000, 0x05400000, 0x06920000)
  from space 2688K,  70% used [0x06920000, 0x06af7f38, 0x06bc0000)
  to   space 2688K,   0% used [0x06bc0000, 0x06bc0000, 0x06e60000)
 tenured generation   total 53740K, used 51977K [0x1a950000, 0x1ddcb000, 0x45400000)
   the space 53740K,  96% used [0x1a950000, 0x1dc12668, 0x1dc12800, 0x1ddcb000)
 Metaspace       used 39183K, capacity 40507K, committed 40576K, reserved 41344K
}

