# JRE version: Java(TM) SE Runtime Environment (8.0_112-b15) (build 1.8.0_112-b15)
# Java VM: Java HotSpot(TM) Client VM (25.112-b15 mixed mode windows-x86 )
Heap:
 def new generation   total 32768K, used 22650K [0x05400000, 0x07780000, 0x1a950000)
  eden space 29184K,  65% used [0x05400000, 0x0669ea50, 0x07080000)
  from space 3584K, 100% used [0x07080000, 0x07400000, 0x07400000)
  to   space 3584K,   0% used [0x07400000, 0x07400000, 0x07780000)
 tenured generation   total 72500K, used 58436K [0x1a950000, 0x1f01d000, 0x45400000)
   the space 72500K,  80% used [0x1a950000, 0x1e2611c0, 0x1e261200, 0x1f01d000)
 Metaspace       used 49589K, capacity 51411K, committed 51456K, reserved 51584K
GC Heap History (10 events):
Event: 190.328 GC heap before
{Heap before GC invocations=152 (full 6):
 def new generation   total 32768K, used 31450K [0x05400000, 0x07780000, 0x1a950000)
  eden space 29184K, 100% used [0x05400000, 0x07080000, 0x07080000)
  from space 3584K,  63% used [0x07400000, 0x07636b38, 0x07780000)
  to   space 3584K,   0% used [0x07080000, 0x07080000, 0x07400000)
 tenured generation   total 72500K, used 48318K [0x1a950000, 0x1f01d000, 0x45400000)
   the space 72500K,  66% used [0x1a950000, 0x1d87faf8, 0x1d87fc00, 0x1f01d000)
 Metaspace       used 47057K, capacity 48867K, committed 48896K, reserved 49536K
Event: 190.345 GC heap after
Heap after GC invocations=153 (full 6):
 def new generation   total 32768K, used 3584K [0x05400000, 0x07780000, 0x1a950000)
  eden space 29184K,   0% used [0x05400000, 0x05400000, 0x07080000)
  from space 3584K, 100% used [0x07080000, 0x07400000, 0x07400000)
  to   space 3584K,   0% used [0x07400000, 0x07400000, 0x07780000)
 tenured generation   total 72500K, used 50294K [0x1a950000, 0x1f01d000, 0x45400000)
   the space 72500K,  69% used [0x1a950000, 0x1da6db98, 0x1da6dc00, 0x1f01d000)
 Metaspace       used 47057K, capacity 48867K, committed 48896K, reserved 49536K
}
Event: 190.579 GC heap before
{Heap before GC invocations=153 (full 6):
 def new generation   total 32768K, used 32768K [0x05400000, 0x07780000, 0x1a950000)
  eden space 29184K, 100% used [0x05400000, 0x07080000, 0x07080000)
  from space 3584K, 100% used [0x07080000, 0x07400000, 0x07400000)
  to   space 3584K,   0% used [0x07400000, 0x07400000, 0x07780000)
 tenured generation   total 72500K, used 50294K [0x1a950000, 0x1f01d000, 0x45400000)
   the space 72500K,  69% used [0x1a950000, 0x1da6db98, 0x1da6dc00, 0x1f01d000)
 Metaspace       used 47057K, capacity 48867K, committed 48896K, reserved 49536K
Event: 190.588 GC heap after
Heap after GC invocations=154 (full 6):
 def new generation   total 32768K, used 871K [0x05400000, 0x07780000, 0x1a950000)
  eden space 29184K,   0% used [0x05400000, 0x05400000, 0x07080000)
  from space 3584K,  24% used [0x07400000, 0x074d9c80, 0x07780000)
  to   space 3584K,   0% used [0x07080000, 0x07080000, 0x07400000)
 tenured generation   total 72500K, used 52349K [0x1a950000, 0x1f01d000, 0x45400000)
   the space 72500K,  72% used [0x1a950000, 0x1dc6f638, 0x1dc6f800, 0x1f01d000)
 Metaspace       used 47057K, capacity 48867K, committed 48896K, reserved 49536K
}
Event: 191.099 GC heap before
{Heap before GC invocations=154 (full 6):
 def new generation   total 32768K, used 30055K [0x05400000, 0x07780000, 0x1a950000)
  eden space 29184K, 100% used [0x05400000, 0x07080000, 0x07080000)
  from space 3584K,  24% used [0x07400000, 0x074d9c80, 0x07780000)
  to   space 3584K,   0% used [0x07080000, 0x07080000, 0x07400000)
 tenured generation   total 72500K, used 52349K [0x1a950000, 0x1f01d000, 0x45400000)
   the space 72500K,  72% used [0x1a950000, 0x1dc6f638, 0x1dc6f800, 0x1f01d000)
 Metaspace       used 47514K, capacity 49308K, committed 49408K, reserved 49536K
Event: 191.115 GC heap after
Heap after GC invocations=155 (full 6):
 def new generation   total 32768K, used 3584K [0x05400000, 0x07780000, 0x1a950000)
  eden space 29184K,   0% used [0x05400000, 0x05400000, 0x07080000)
  from space 3584K, 100% used [0x07080000, 0x07400000, 0x07400000)
  to   space 3584K,   0% used [0x07400000, 0x07400000, 0x07780000)
 tenured generation   total 72500K, used 52407K [0x1a950000, 0x1f01d000, 0x45400000)
   the space 72500K,  72% used [0x1a950000, 0x1dc7dd68, 0x1dc7de00, 0x1f01d000)
 Metaspace       used 47514K, capacity 49308K, committed 49408K, reserved 49536K
}
Event: 192.468 GC heap before
{Heap before GC invocations=155 (full 6):
 def new generation   total 32768K, used 32768K [0x05400000, 0x07780000, 0x1a950000)
  eden space 29184K, 100% used [0x05400000, 0x07080000, 0x07080000)
  from space 3584K, 100% used [0x07080000, 0x07400000, 0x07400000)
  to   space 3584K,   0% used [0x07400000, 0x07400000, 0x07780000)
 tenured generation   total 72500K, used 52407K [0x1a950000, 0x1f01d000, 0x45400000)
   the space 72500K,  72% used [0x1a950000, 0x1dc7dd68, 0x1dc7de00, 0x1f01d000)
 Metaspace       used 48120K, capacity 49916K, committed 50048K, reserved 50560K
Event: 192.486 GC heap after
Heap after GC invocations=156 (full 6):
 def new generation   total 32768K, used 3203K [0x05400000, 0x07780000, 0x1a950000)
  eden space 29184K,   0% used [0x05400000, 0x05400000, 0x07080000)
  from space 3584K,  89% used [0x07400000, 0x07720ed0, 0x07780000)
  to   space 3584K,   0% used [0x07080000, 0x07080000, 0x07400000)
 tenured generation   total 72500K, used 55320K [0x1a950000, 0x1f01d000, 0x45400000)
   the space 72500K,  76% used [0x1a950000, 0x1df563b0, 0x1df56400, 0x1f01d000)
 Metaspace       used 48120K, capacity 49916K, committed 50048K, reserved 50560K
}
Event: 192.707 GC heap before
{Heap before GC invocations=156 (full 6):
 def new generation   total 32768K, used 32387K [0x05400000, 0x07780000, 0x1a950000)
  eden space 29184K, 100% used [0x05400000, 0x07080000, 0x07080000)
  from space 3584K,  89% used [0x07400000, 0x07720ed0, 0x07780000)
  to   space 3584K,   0% used [0x07080000, 0x07080000, 0x07400000)
 tenured generation   total 72500K, used 55320K [0x1a950000, 0x1f01d000, 0x45400000)
   the space 72500K,  76% used [0x1a950000, 0x1df563b0, 0x1df56400, 0x1f01d000)
 Metaspace       used 48329K, capacity 50148K, committed 50176K, reserved 50560K
Event: 192.733 GC heap after
Heap after GC invocations=157 (full 6):
 def new generation   total 32768K, used 3584K [0x05400000, 0x07780000, 0x1a950000)
  eden space 29184K,   0% used [0x05400000, 0x05400000, 0x07080000)
  from space 3584K, 100% used [0x07080000, 0x07400000, 0x07400000)
  to   space 3584K,   0% used [0x07400000, 0x07400000, 0x07780000)
 tenured generation   total 72500K, used 58436K [0x1a950000, 0x1f01d000, 0x45400000)
   the space 72500K,  80% used [0x1a950000, 0x1e2611c0, 0x1e261200, 0x1f01d000)
 Metaspace       used 48329K, capacity 50148K, committed 50176K, reserved 50560K
}

