# JRE version: Java(TM) SE Runtime Environment (8.0_112-b15) (build 1.8.0_112-b15)
# Java VM: Java HotSpot(TM) Client VM (25.112-b15 mixed mode windows-x86 )
Heap:
 def new generation   total 23744K, used 9717K [0x05400000, 0x06dc0000, 0x1a950000)
  eden space 21120K,  36% used [0x05400000, 0x05ba0fb8, 0x068a0000)
  from space 2624K,  72% used [0x06b30000, 0x06d0c488, 0x06dc0000)
  to   space 2624K,   0% used [0x068a0000, 0x068a0000, 0x06b30000)
 tenured generation   total 52524K, used 36733K [0x1a950000, 0x1dc9b000, 0x45400000)
   the space 52524K,  69% used [0x1a950000, 0x1cd2f7d0, 0x1cd2f800, 0x1dc9b000)
 Metaspace       used 37090K, capacity 38131K, committed 38912K, reserved 39296K
GC Heap History (10 events):
Event: 23.437 GC heap before
{Heap before GC invocations=99 (full 4):
 def new generation   total 20800K, used 19775K [0x05400000, 0x06a90000, 0x1a950000)
  eden space 18496K, 100% used [0x05400000, 0x06610000, 0x06610000)
  from space 2304K,  55% used [0x06850000, 0x0698fc10, 0x06a90000)
  to   space 2304K,   0% used [0x06610000, 0x06610000, 0x06850000)
 tenured generation   total 46008K, used 44421K [0x1a950000, 0x1d63e000, 0x45400000)
   the space 46008K,  96% used [0x1a950000, 0x1d4b1600, 0x1d4b1600, 0x1d63e000)
 Metaspace       used 35570K, capacity 36784K, committed 36864K, reserved 37248K
Event: 23.452 GC heap after
Heap after GC invocations=100 (full 4):
 def new generation   total 20800K, used 1695K [0x05400000, 0x06a90000, 0x1a950000)
  eden space 18496K,   0% used [0x05400000, 0x05400000, 0x06610000)
  from space 2304K,  73% used [0x06610000, 0x067b7fb8, 0x06850000)
  to   space 2304K,   0% used [0x06850000, 0x06850000, 0x06a90000)
 tenured generation   total 46008K, used 45074K [0x1a950000, 0x1d63e000, 0x45400000)
   the space 46008K,  97% used [0x1a950000, 0x1d554aa0, 0x1d554c00, 0x1d63e000)
 Metaspace       used 35570K, capacity 36784K, committed 36864K, reserved 37248K
}
Event: 25.660 GC heap before
{Heap before GC invocations=100 (full 4):
 def new generation   total 20800K, used 20191K [0x05400000, 0x06a90000, 0x1a950000)
  eden space 18496K, 100% used [0x05400000, 0x06610000, 0x06610000)
  from space 2304K,  73% used [0x06610000, 0x067b7fb8, 0x06850000)
  to   space 2304K,   0% used [0x06850000, 0x06850000, 0x06a90000)
 tenured generation   total 46008K, used 45074K [0x1a950000, 0x1d63e000, 0x45400000)
   the space 46008K,  97% used [0x1a950000, 0x1d554aa0, 0x1d554c00, 0x1d63e000)
 Metaspace       used 36082K, capacity 37302K, committed 37376K, reserved 38272K
Event: 25.865 GC heap after
Heap after GC invocations=101 (full 5):
 def new generation   total 23744K, used 0K [0x05400000, 0x06dc0000, 0x1a950000)
  eden space 21120K,   0% used [0x05400000, 0x05400000, 0x068a0000)
  from space 2624K,   0% used [0x068a0000, 0x068a0000, 0x06b30000)
  to   space 2624K,   0% used [0x06b30000, 0x06b30000, 0x06dc0000)
 tenured generation   total 52524K, used 31514K [0x1a950000, 0x1dc9b000, 0x45400000)
   the space 52524K,  59% used [0x1a950000, 0x1c816830, 0x1c816a00, 0x1dc9b000)
 Metaspace       used 35139K, capacity 36126K, committed 37376K, reserved 38272K
}
Event: 26.740 GC heap before
{Heap before GC invocations=101 (full 5):
 def new generation   total 23744K, used 21120K [0x05400000, 0x06dc0000, 0x1a950000)
  eden space 21120K, 100% used [0x05400000, 0x068a0000, 0x068a0000)
  from space 2624K,   0% used [0x068a0000, 0x068a0000, 0x06b30000)
  to   space 2624K,   0% used [0x06b30000, 0x06b30000, 0x06dc0000)
 tenured generation   total 52524K, used 31514K [0x1a950000, 0x1dc9b000, 0x45400000)
   the space 52524K,  59% used [0x1a950000, 0x1c816830, 0x1c816a00, 0x1dc9b000)
 Metaspace       used 35605K, capacity 36623K, committed 37504K, reserved 38272K
Event: 26.748 GC heap after
Heap after GC invocations=102 (full 5):
 def new generation   total 23744K, used 1452K [0x05400000, 0x06dc0000, 0x1a950000)
  eden space 21120K,   0% used [0x05400000, 0x05400000, 0x068a0000)
  from space 2624K,  55% used [0x06b30000, 0x06c9b220, 0x06dc0000)
  to   space 2624K,   0% used [0x068a0000, 0x068a0000, 0x06b30000)
 tenured generation   total 52524K, used 31514K [0x1a950000, 0x1dc9b000, 0x45400000)
   the space 52524K,  59% used [0x1a950000, 0x1c816830, 0x1c816a00, 0x1dc9b000)
 Metaspace       used 35605K, capacity 36623K, committed 37504K, reserved 38272K
}
Event: 26.900 GC heap before
{Heap before GC invocations=102 (full 5):
 def new generation   total 23744K, used 22572K [0x05400000, 0x06dc0000, 0x1a950000)
  eden space 21120K, 100% used [0x05400000, 0x068a0000, 0x068a0000)
  from space 2624K,  55% used [0x06b30000, 0x06c9b220, 0x06dc0000)
  to   space 2624K,   0% used [0x068a0000, 0x068a0000, 0x06b30000)
 tenured generation   total 52524K, used 31514K [0x1a950000, 0x1dc9b000, 0x45400000)
   the space 52524K,  59% used [0x1a950000, 0x1c816830, 0x1c816a00, 0x1dc9b000)
 Metaspace       used 35606K, capacity 36623K, committed 37504K, reserved 38272K
Event: 26.915 GC heap after
Heap after GC invocations=103 (full 5):
 def new generation   total 23744K, used 2624K [0x05400000, 0x06dc0000, 0x1a950000)
  eden space 21120K,   0% used [0x05400000, 0x05400000, 0x068a0000)
  from space 2624K, 100% used [0x068a0000, 0x06b30000, 0x06b30000)
  to   space 2624K,   0% used [0x06b30000, 0x06b30000, 0x06dc0000)
 tenured generation   total 52524K, used 34112K [0x1a950000, 0x1dc9b000, 0x45400000)
   the space 52524K,  64% used [0x1a950000, 0x1caa0378, 0x1caa0400, 0x1dc9b000)
 Metaspace       used 35606K, capacity 36623K, committed 37504K, reserved 38272K
}
Event: 27.185 GC heap before
{Heap before GC invocations=103 (full 5):
 def new generation   total 23744K, used 23744K [0x05400000, 0x06dc0000, 0x1a950000)
  eden space 21120K, 100% used [0x05400000, 0x068a0000, 0x068a0000)
  from space 2624K, 100% used [0x068a0000, 0x06b30000, 0x06b30000)
  to   space 2624K,   0% used [0x06b30000, 0x06b30000, 0x06dc0000)
 tenured generation   total 52524K, used 34112K [0x1a950000, 0x1dc9b000, 0x45400000)
   the space 52524K,  64% used [0x1a950000, 0x1caa0378, 0x1caa0400, 0x1dc9b000)
 Metaspace       used 36001K, capacity 37030K, committed 37888K, reserved 38272K
Event: 27.207 GC heap after
Heap after GC invocations=104 (full 5):
 def new generation   total 23744K, used 1905K [0x05400000, 0x06dc0000, 0x1a950000)
  eden space 21120K,   0% used [0x05400000, 0x05400000, 0x068a0000)
  from space 2624K,  72% used [0x06b30000, 0x06d0c488, 0x06dc0000)
  to   space 2624K,   0% used [0x068a0000, 0x068a0000, 0x06b30000)
 tenured generation   total 52524K, used 36733K [0x1a950000, 0x1dc9b000, 0x45400000)
   the space 52524K,  69% used [0x1a950000, 0x1cd2f7d0, 0x1cd2f800, 0x1dc9b000)
 Metaspace       used 36001K, capacity 37030K, committed 37888K, reserved 38272K
}

