# JRE version: Java(TM) SE Runtime Environment (8.0_112-b15) (build 1.8.0_112-b15)
# Java VM: Java HotSpot(TM) Client VM (25.112-b15 mixed mode windows-x86 )
Heap:
 def new generation   total 29952K, used 9202K [0x05400000, 0x07480000, 0x1a950000)
  eden space 26624K,  24% used [0x05400000, 0x05a77f68, 0x06e00000)
  from space 3328K,  77% used [0x06e00000, 0x070848d0, 0x07140000)
  to   space 3328K,   0% used [0x07140000, 0x07140000, 0x07480000)
 tenured generation   total 66320K, used 56735K [0x1a950000, 0x1ea14000, 0x45400000)
   the space 66320K,  85% used [0x1a950000, 0x1e0b7c98, 0x1e0b7e00, 0x1ea14000)
 Metaspace       used 41669K, capacity 42929K, committed 43008K, reserved 43392K
GC Heap History (10 events):
Event: 18.039 GC heap before
{Heap before GC invocations=96 (full 5):
 def new generation   total 29952K, used 29952K [0x05400000, 0x07480000, 0x1a950000)
  eden space 26624K, 100% used [0x05400000, 0x06e00000, 0x06e00000)
  from space 3328K, 100% used [0x07140000, 0x07480000, 0x07480000)
  to   space 3328K,   0% used [0x06e00000, 0x06e00000, 0x07140000)
 tenured generation   total 66320K, used 46424K [0x1a950000, 0x1ea14000, 0x45400000)
   the space 66320K,  70% used [0x1a950000, 0x1d6a6268, 0x1d6a6400, 0x1ea14000)
 Metaspace       used 39202K, capacity 40428K, committed 40448K, reserved 41344K
Event: 18.051 GC heap after
Heap after GC invocations=97 (full 5):
 def new generation   total 29952K, used 549K [0x05400000, 0x07480000, 0x1a950000)
  eden space 26624K,   0% used [0x05400000, 0x05400000, 0x06e00000)
  from space 3328K,  16% used [0x06e00000, 0x06e896a0, 0x07140000)
  to   space 3328K,   0% used [0x07140000, 0x07140000, 0x07480000)
 tenured generation   total 66320K, used 48891K [0x1a950000, 0x1ea14000, 0x45400000)
   the space 66320K,  73% used [0x1a950000, 0x1d90edd0, 0x1d90ee00, 0x1ea14000)
 Metaspace       used 39202K, capacity 40428K, committed 40448K, reserved 41344K
}
Event: 18.405 GC heap before
{Heap before GC invocations=97 (full 5):
 def new generation   total 29952K, used 27173K [0x05400000, 0x07480000, 0x1a950000)
  eden space 26624K, 100% used [0x05400000, 0x06e00000, 0x06e00000)
  from space 3328K,  16% used [0x06e00000, 0x06e896a0, 0x07140000)
  to   space 3328K,   0% used [0x07140000, 0x07140000, 0x07480000)
 tenured generation   total 66320K, used 48891K [0x1a950000, 0x1ea14000, 0x45400000)
   the space 66320K,  73% used [0x1a950000, 0x1d90edd0, 0x1d90ee00, 0x1ea14000)
 Metaspace       used 39313K, capacity 40557K, committed 40576K, reserved 41344K
Event: 18.418 GC heap after
Heap after GC invocations=98 (full 5):
 def new generation   total 29952K, used 2426K [0x05400000, 0x07480000, 0x1a950000)
  eden space 26624K,   0% used [0x05400000, 0x05400000, 0x06e00000)
  from space 3328K,  72% used [0x07140000, 0x0739eb88, 0x07480000)
  to   space 3328K,   0% used [0x06e00000, 0x06e00000, 0x07140000)
 tenured generation   total 66320K, used 48891K [0x1a950000, 0x1ea14000, 0x45400000)
   the space 66320K,  73% used [0x1a950000, 0x1d90edd0, 0x1d90ee00, 0x1ea14000)
 Metaspace       used 39313K, capacity 40557K, committed 40576K, reserved 41344K
}
Event: 18.952 GC heap before
{Heap before GC invocations=98 (full 5):
 def new generation   total 29952K, used 29050K [0x05400000, 0x07480000, 0x1a950000)
  eden space 26624K, 100% used [0x05400000, 0x06e00000, 0x06e00000)
  from space 3328K,  72% used [0x07140000, 0x0739eb88, 0x07480000)
  to   space 3328K,   0% used [0x06e00000, 0x06e00000, 0x07140000)
 tenured generation   total 66320K, used 48891K [0x1a950000, 0x1ea14000, 0x45400000)
   the space 66320K,  73% used [0x1a950000, 0x1d90edd0, 0x1d90ee00, 0x1ea14000)
 Metaspace       used 40184K, capacity 41404K, committed 41472K, reserved 42368K
Event: 18.972 GC heap after
Heap after GC invocations=99 (full 5):
 def new generation   total 29952K, used 2601K [0x05400000, 0x07480000, 0x1a950000)
  eden space 26624K,   0% used [0x05400000, 0x05400000, 0x06e00000)
  from space 3328K,  78% used [0x06e00000, 0x0708a4d8, 0x07140000)
  to   space 3328K,   0% used [0x07140000, 0x07140000, 0x07480000)
 tenured generation   total 66320K, used 51149K [0x1a950000, 0x1ea14000, 0x45400000)
   the space 66320K,  77% used [0x1a950000, 0x1db43650, 0x1db43800, 0x1ea14000)
 Metaspace       used 40184K, capacity 41404K, committed 41472K, reserved 42368K
}
Event: 19.284 GC heap before
{Heap before GC invocations=99 (full 5):
 def new generation   total 29952K, used 29225K [0x05400000, 0x07480000, 0x1a950000)
  eden space 26624K, 100% used [0x05400000, 0x06e00000, 0x06e00000)
  from space 3328K,  78% used [0x06e00000, 0x0708a4d8, 0x07140000)
  to   space 3328K,   0% used [0x07140000, 0x07140000, 0x07480000)
 tenured generation   total 66320K, used 51149K [0x1a950000, 0x1ea14000, 0x45400000)
   the space 66320K,  77% used [0x1a950000, 0x1db43650, 0x1db43800, 0x1ea14000)
 Metaspace       used 40206K, capacity 41436K, committed 41472K, reserved 42368K
Event: 19.304 GC heap after
Heap after GC invocations=100 (full 5):
 def new generation   total 29952K, used 3328K [0x05400000, 0x07480000, 0x1a950000)
  eden space 26624K,   0% used [0x05400000, 0x05400000, 0x06e00000)
  from space 3328K, 100% used [0x07140000, 0x07480000, 0x07480000)
  to   space 3328K,   0% used [0x06e00000, 0x06e00000, 0x07140000)
 tenured generation   total 66320K, used 53457K [0x1a950000, 0x1ea14000, 0x45400000)
   the space 66320K,  80% used [0x1a950000, 0x1dd84638, 0x1dd84800, 0x1ea14000)
 Metaspace       used 40206K, capacity 41436K, committed 41472K, reserved 42368K
}
Event: 19.493 GC heap before
{Heap before GC invocations=100 (full 5):
 def new generation   total 29952K, used 29952K [0x05400000, 0x07480000, 0x1a950000)
  eden space 26624K, 100% used [0x05400000, 0x06e00000, 0x06e00000)
  from space 3328K, 100% used [0x07140000, 0x07480000, 0x07480000)
  to   space 3328K,   0% used [0x06e00000, 0x06e00000, 0x07140000)
 tenured generation   total 66320K, used 53457K [0x1a950000, 0x1ea14000, 0x45400000)
   the space 66320K,  80% used [0x1a950000, 0x1dd84638, 0x1dd84800, 0x1ea14000)
 Metaspace       used 40957K, capacity 42217K, committed 42240K, reserved 42368K
Event: 19.510 GC heap after
Heap after GC invocations=101 (full 5):
 def new generation   total 29952K, used 2578K [0x05400000, 0x07480000, 0x1a950000)
  eden space 26624K,   0% used [0x05400000, 0x05400000, 0x06e00000)
  from space 3328K,  77% used [0x06e00000, 0x070848d0, 0x07140000)
  to   space 3328K,   0% used [0x07140000, 0x07140000, 0x07480000)
 tenured generation   total 66320K, used 56735K [0x1a950000, 0x1ea14000, 0x45400000)
   the space 66320K,  85% used [0x1a950000, 0x1e0b7c98, 0x1e0b7e00, 0x1ea14000)
 Metaspace       used 40957K, capacity 42217K, committed 42240K, reserved 42368K
}

