# JRE version: Java(TM) SE Runtime Environment (8.0_112-b15) (build 1.8.0_112-b15)
# Java VM: Java HotSpot(TM) Client VM (25.112-b15 mixed mode windows-x86 )
Heap:
 def new generation   total 29440K, used 22432K [0x05400000, 0x073f0000, 0x1a950000)
  eden space 26176K,  73% used [0x05400000, 0x066b81f8, 0x06d90000)
  from space 3264K, 100% used [0x06d90000, 0x070c0000, 0x070c0000)
  to   space 3264K,   0% used [0x070c0000, 0x070c0000, 0x073f0000)
 tenured generation   total 65268K, used 47718K [0x1a950000, 0x1e90d000, 0x45400000)
   the space 65268K,  73% used [0x1a950000, 0x1d7e9af8, 0x1d7e9c00, 0x1e90d000)
 Metaspace       used 38022K, capacity 39270K, committed 39296K, reserved 39296K
GC Heap History (10 events):
Event: 25.046 GC heap before
{Heap before GC invocations=99 (full 5):
 def new generation   total 29440K, used 26961K [0x05400000, 0x073f0000, 0x1a950000)
  eden space 26176K, 100% used [0x05400000, 0x06d90000, 0x06d90000)
  from space 3264K,  24% used [0x070c0000, 0x07184658, 0x073f0000)
  to   space 3264K,   0% used [0x06d90000, 0x06d90000, 0x070c0000)
 tenured generation   total 65268K, used 39160K [0x1a950000, 0x1e90d000, 0x45400000)
   the space 65268K,  59% used [0x1a950000, 0x1cf8e008, 0x1cf8e200, 0x1e90d000)
 Metaspace       used 35481K, capacity 36649K, committed 36736K, reserved 37248K
Event: 25.060 GC heap after
Heap after GC invocations=100 (full 5):
 def new generation   total 29440K, used 2021K [0x05400000, 0x073f0000, 0x1a950000)
  eden space 26176K,   0% used [0x05400000, 0x05400000, 0x06d90000)
  from space 3264K,  61% used [0x06d90000, 0x06f894e8, 0x070c0000)
  to   space 3264K,   0% used [0x070c0000, 0x070c0000, 0x073f0000)
 tenured generation   total 65268K, used 39160K [0x1a950000, 0x1e90d000, 0x45400000)
   the space 65268K,  59% used [0x1a950000, 0x1cf8e008, 0x1cf8e200, 0x1e90d000)
 Metaspace       used 35481K, capacity 36649K, committed 36736K, reserved 37248K
}
Event: 25.369 GC heap before
{Heap before GC invocations=100 (full 5):
 def new generation   total 29440K, used 28197K [0x05400000, 0x073f0000, 0x1a950000)
  eden space 26176K, 100% used [0x05400000, 0x06d90000, 0x06d90000)
  from space 3264K,  61% used [0x06d90000, 0x06f894e8, 0x070c0000)
  to   space 3264K,   0% used [0x070c0000, 0x070c0000, 0x073f0000)
 tenured generation   total 65268K, used 39160K [0x1a950000, 0x1e90d000, 0x45400000)
   the space 65268K,  59% used [0x1a950000, 0x1cf8e008, 0x1cf8e200, 0x1e90d000)
 Metaspace       used 35483K, capacity 36652K, committed 36736K, reserved 37248K
Event: 25.383 GC heap after
Heap after GC invocations=101 (full 5):
 def new generation   total 29440K, used 2623K [0x05400000, 0x073f0000, 0x1a950000)
  eden space 26176K,   0% used [0x05400000, 0x05400000, 0x06d90000)
  from space 3264K,  80% used [0x070c0000, 0x0734fd78, 0x073f0000)
  to   space 3264K,   0% used [0x06d90000, 0x06d90000, 0x070c0000)
 tenured generation   total 65268K, used 39623K [0x1a950000, 0x1e90d000, 0x45400000)
   the space 65268K,  60% used [0x1a950000, 0x1d001d98, 0x1d001e00, 0x1e90d000)
 Metaspace       used 35483K, capacity 36652K, committed 36736K, reserved 37248K
}
Event: 26.643 GC heap before
{Heap before GC invocations=101 (full 5):
 def new generation   total 29440K, used 28799K [0x05400000, 0x073f0000, 0x1a950000)
  eden space 26176K, 100% used [0x05400000, 0x06d90000, 0x06d90000)
  from space 3264K,  80% used [0x070c0000, 0x0734fd78, 0x073f0000)
  to   space 3264K,   0% used [0x06d90000, 0x06d90000, 0x070c0000)
 tenured generation   total 65268K, used 39623K [0x1a950000, 0x1e90d000, 0x45400000)
   the space 65268K,  60% used [0x1a950000, 0x1d001d98, 0x1d001e00, 0x1e90d000)
 Metaspace       used 36099K, capacity 37312K, committed 37376K, reserved 38272K
Event: 26.671 GC heap after
Heap after GC invocations=102 (full 5):
 def new generation   total 29440K, used 3264K [0x05400000, 0x073f0000, 0x1a950000)
  eden space 26176K,   0% used [0x05400000, 0x05400000, 0x06d90000)
  from space 3264K, 100% used [0x06d90000, 0x070c0000, 0x070c0000)
  to   space 3264K,   0% used [0x070c0000, 0x070c0000, 0x073f0000)
 tenured generation   total 65268K, used 41506K [0x1a950000, 0x1e90d000, 0x45400000)
   the space 65268K,  63% used [0x1a950000, 0x1d1d8af8, 0x1d1d8c00, 0x1e90d000)
 Metaspace       used 36099K, capacity 37312K, committed 37376K, reserved 38272K
}
Event: 27.857 GC heap before
{Heap before GC invocations=102 (full 5):
 def new generation   total 29440K, used 29440K [0x05400000, 0x073f0000, 0x1a950000)
  eden space 26176K, 100% used [0x05400000, 0x06d90000, 0x06d90000)
  from space 3264K, 100% used [0x06d90000, 0x070c0000, 0x070c0000)
  to   space 3264K,   0% used [0x070c0000, 0x070c0000, 0x073f0000)
 tenured generation   total 65268K, used 41506K [0x1a950000, 0x1e90d000, 0x45400000)
   the space 65268K,  63% used [0x1a950000, 0x1d1d8af8, 0x1d1d8c00, 0x1e90d000)
 Metaspace       used 36551K, capacity 37807K, committed 37888K, reserved 38272K
Event: 27.889 GC heap after
Heap after GC invocations=103 (full 5):
 def new generation   total 29440K, used 3264K [0x05400000, 0x073f0000, 0x1a950000)
  eden space 26176K,   0% used [0x05400000, 0x05400000, 0x06d90000)
  from space 3264K, 100% used [0x070c0000, 0x073f0000, 0x073f0000)
  to   space 3264K,   0% used [0x06d90000, 0x06d90000, 0x070c0000)
 tenured generation   total 65268K, used 44597K [0x1a950000, 0x1e90d000, 0x45400000)
   the space 65268K,  68% used [0x1a950000, 0x1d4dd668, 0x1d4dd800, 0x1e90d000)
 Metaspace       used 36551K, capacity 37807K, committed 37888K, reserved 38272K
}
Event: 28.544 GC heap before
{Heap before GC invocations=103 (full 5):
 def new generation   total 29440K, used 29440K [0x05400000, 0x073f0000, 0x1a950000)
  eden space 26176K, 100% used [0x05400000, 0x06d90000, 0x06d90000)
  from space 3264K, 100% used [0x070c0000, 0x073f0000, 0x073f0000)
  to   space 3264K,   0% used [0x06d90000, 0x06d90000, 0x070c0000)
 tenured generation   total 65268K, used 44597K [0x1a950000, 0x1e90d000, 0x45400000)
   the space 65268K,  68% used [0x1a950000, 0x1d4dd668, 0x1d4dd800, 0x1e90d000)
 Metaspace       used 36742K, capacity 37975K, committed 38016K, reserved 38272K
Event: 28.570 GC heap after
Heap after GC invocations=104 (full 5):
 def new generation   total 29440K, used 3264K [0x05400000, 0x073f0000, 0x1a950000)
  eden space 26176K,   0% used [0x05400000, 0x05400000, 0x06d90000)
  from space 3264K, 100% used [0x06d90000, 0x070c0000, 0x070c0000)
  to   space 3264K,   0% used [0x070c0000, 0x070c0000, 0x073f0000)
 tenured generation   total 65268K, used 47718K [0x1a950000, 0x1e90d000, 0x45400000)
   the space 65268K,  73% used [0x1a950000, 0x1d7e9af8, 0x1d7e9c00, 0x1e90d000)
 Metaspace       used 36742K, capacity 37975K, committed 38016K, reserved 38272K
}

