# JRE version: Java(TM) SE Runtime Environment (8.0_112-b15) (build 1.8.0_112-b15)
# Java VM: Java HotSpot(TM) Client VM (25.112-b15 mixed mode windows-x86 )
Heap:
 def new generation   total 17792K, used 3104K [0x05400000, 0x06740000, 0x1a950000)
  eden space 15872K,  11% used [0x05400000, 0x055d01b0, 0x06380000)
  from space 1920K,  65% used [0x06560000, 0x06698208, 0x06740000)
  to   space 1920K,   0% used [0x06380000, 0x06380000, 0x06560000)
 tenured generation   total 39224K, used 35362K [0x1a950000, 0x1cf9e000, 0x45400000)
   the space 39224K,  90% used [0x1a950000, 0x1cbd8950, 0x1cbd8a00, 0x1cf9e000)
 Metaspace       used 37324K, capacity 38251K, committed 38400K, reserved 39296K
GC Heap History (10 events):
Event: 11.500 GC heap before
{Heap before GC invocations=91 (full 4):
 def new generation   total 17792K, used 17486K [0x05400000, 0x06740000, 0x1a950000)
  eden space 15872K, 100% used [0x05400000, 0x06380000, 0x06380000)
  from space 1920K,  84% used [0x06380000, 0x065138d0, 0x06560000)
  to   space 1920K,   0% used [0x06560000, 0x06560000, 0x06740000)
 tenured generation   total 39224K, used 27956K [0x1a950000, 0x1cf9e000, 0x45400000)
   the space 39224K,  71% used [0x1a950000, 0x1c49d3d0, 0x1c49d400, 0x1cf9e000)
 Metaspace       used 35832K, capacity 36785K, committed 36864K, reserved 37248K
Event: 11.509 GC heap after
Heap after GC invocations=92 (full 4):
 def new generation   total 17792K, used 1658K [0x05400000, 0x06740000, 0x1a950000)
  eden space 15872K,   0% used [0x05400000, 0x05400000, 0x06380000)
  from space 1920K,  86% used [0x06560000, 0x066fead8, 0x06740000)
  to   space 1920K,   0% used [0x06380000, 0x06380000, 0x06560000)
 tenured generation   total 39224K, used 28855K [0x1a950000, 0x1cf9e000, 0x45400000)
   the space 39224K,  73% used [0x1a950000, 0x1c57dfe8, 0x1c57e000, 0x1cf9e000)
 Metaspace       used 35832K, capacity 36785K, committed 36864K, reserved 37248K
}
Event: 11.689 GC heap before
{Heap before GC invocations=92 (full 4):
 def new generation   total 17792K, used 17530K [0x05400000, 0x06740000, 0x1a950000)
  eden space 15872K, 100% used [0x05400000, 0x06380000, 0x06380000)
  from space 1920K,  86% used [0x06560000, 0x066fead8, 0x06740000)
  to   space 1920K,   0% used [0x06380000, 0x06380000, 0x06560000)
 tenured generation   total 39224K, used 28855K [0x1a950000, 0x1cf9e000, 0x45400000)
   the space 39224K,  73% used [0x1a950000, 0x1c57dfe8, 0x1c57e000, 0x1cf9e000)
 Metaspace       used 35855K, capacity 36788K, committed 36864K, reserved 37248K
Event: 11.697 GC heap after
Heap after GC invocations=93 (full 4):
 def new generation   total 17792K, used 1289K [0x05400000, 0x06740000, 0x1a950000)
  eden space 15872K,   0% used [0x05400000, 0x05400000, 0x06380000)
  from space 1920K,  67% used [0x06380000, 0x064c2728, 0x06560000)
  to   space 1920K,   0% used [0x06560000, 0x06560000, 0x06740000)
 tenured generation   total 39224K, used 29698K [0x1a950000, 0x1cf9e000, 0x45400000)
   the space 39224K,  75% used [0x1a950000, 0x1c650a08, 0x1c650c00, 0x1cf9e000)
 Metaspace       used 35855K, capacity 36788K, committed 36864K, reserved 37248K
}
Event: 11.883 GC heap before
{Heap before GC invocations=93 (full 4):
 def new generation   total 17792K, used 17161K [0x05400000, 0x06740000, 0x1a950000)
  eden space 15872K, 100% used [0x05400000, 0x06380000, 0x06380000)
  from space 1920K,  67% used [0x06380000, 0x064c2728, 0x06560000)
  to   space 1920K,   0% used [0x06560000, 0x06560000, 0x06740000)
 tenured generation   total 39224K, used 29698K [0x1a950000, 0x1cf9e000, 0x45400000)
   the space 39224K,  75% used [0x1a950000, 0x1c650a08, 0x1c650c00, 0x1cf9e000)
 Metaspace       used 35875K, capacity 36788K, committed 36864K, reserved 37248K
Event: 11.897 GC heap after
Heap after GC invocations=94 (full 4):
 def new generation   total 17792K, used 1920K [0x05400000, 0x06740000, 0x1a950000)
  eden space 15872K,   0% used [0x05400000, 0x05400000, 0x06380000)
  from space 1920K, 100% used [0x06560000, 0x06740000, 0x06740000)
  to   space 1920K,   0% used [0x06380000, 0x06380000, 0x06560000)
 tenured generation   total 39224K, used 32146K [0x1a950000, 0x1cf9e000, 0x45400000)
   the space 39224K,  81% used [0x1a950000, 0x1c8b4890, 0x1c8b4a00, 0x1cf9e000)
 Metaspace       used 35875K, capacity 36788K, committed 36864K, reserved 37248K
}
Event: 12.037 GC heap before
{Heap before GC invocations=94 (full 4):
 def new generation   total 17792K, used 17792K [0x05400000, 0x06740000, 0x1a950000)
  eden space 15872K, 100% used [0x05400000, 0x06380000, 0x06380000)
  from space 1920K, 100% used [0x06560000, 0x06740000, 0x06740000)
  to   space 1920K,   0% used [0x06380000, 0x06380000, 0x06560000)
 tenured generation   total 39224K, used 32146K [0x1a950000, 0x1cf9e000, 0x45400000)
   the space 39224K,  81% used [0x1a950000, 0x1c8b4890, 0x1c8b4a00, 0x1cf9e000)
 Metaspace       used 36105K, capacity 37025K, committed 37120K, reserved 37248K
Event: 12.053 GC heap after
Heap after GC invocations=95 (full 4):
 def new generation   total 17792K, used 1830K [0x05400000, 0x06740000, 0x1a950000)
  eden space 15872K,   0% used [0x05400000, 0x05400000, 0x06380000)
  from space 1920K,  95% used [0x06380000, 0x06549bd8, 0x06560000)
  to   space 1920K,   0% used [0x06560000, 0x06560000, 0x06740000)
 tenured generation   total 39224K, used 34043K [0x1a950000, 0x1cf9e000, 0x45400000)
   the space 39224K,  86% used [0x1a950000, 0x1ca8ef18, 0x1ca8f000, 0x1cf9e000)
 Metaspace       used 36105K, capacity 37025K, committed 37120K, reserved 37248K
}
Event: 12.282 GC heap before
{Heap before GC invocations=95 (full 4):
 def new generation   total 17792K, used 17407K [0x05400000, 0x06740000, 0x1a950000)
  eden space 15872K,  98% used [0x05400000, 0x06336068, 0x06380000)
  from space 1920K,  95% used [0x06380000, 0x06549bd8, 0x06560000)
  to   space 1920K,   0% used [0x06560000, 0x06560000, 0x06740000)
 tenured generation   total 39224K, used 34043K [0x1a950000, 0x1cf9e000, 0x45400000)
   the space 39224K,  86% used [0x1a950000, 0x1ca8ef18, 0x1ca8f000, 0x1cf9e000)
 Metaspace       used 37283K, capacity 38216K, committed 38272K, reserved 38272K
Event: 12.292 GC heap after
Heap after GC invocations=96 (full 4):
 def new generation   total 17792K, used 1248K [0x05400000, 0x06740000, 0x1a950000)
  eden space 15872K,   0% used [0x05400000, 0x05400000, 0x06380000)
  from space 1920K,  65% used [0x06560000, 0x06698208, 0x06740000)
  to   space 1920K,   0% used [0x06380000, 0x06380000, 0x06560000)
 tenured generation   total 39224K, used 35362K [0x1a950000, 0x1cf9e000, 0x45400000)
   the space 39224K,  90% used [0x1a950000, 0x1cbd8950, 0x1cbd8a00, 0x1cf9e000)
 Metaspace       used 37283K, capacity 38216K, committed 38272K, reserved 38272K
}

