# JRE version: Java(TM) SE Runtime Environment (8.0_112-b15) (build 1.8.0_112-b15)
# Java VM: Java HotSpot(TM) Client VM (25.112-b15 mixed mode windows-x86 )
Heap:
 def new generation   total 21312K, used 3556K [0x05400000, 0x06b10000, 0x1a950000)
  eden space 19008K,  11% used [0x05400000, 0x0560af88, 0x06690000)
  from space 2304K,  63% used [0x06690000, 0x067fe320, 0x068d0000)
  to   space 2304K,   0% used [0x068d0000, 0x068d0000, 0x06b10000)
 tenured generation   total 47032K, used 30520K [0x1a950000, 0x1d73e000, 0x45400000)
   the space 47032K,  64% used [0x1a950000, 0x1c71e218, 0x1c71e400, 0x1d73e000)
 Metaspace       used 33602K, capacity 34470K, committed 34560K, reserved 35200K
GC Heap History (10 events):
Event: 9.291 GC heap before
{Heap before GC invocations=87 (full 3):
 def new generation   total 12352K, used 11773K [0x05400000, 0x06160000, 0x1a950000)
  eden space 11008K, 100% used [0x05400000, 0x05ec0000, 0x05ec0000)
  from space 1344K,  56% used [0x06010000, 0x060cf5d0, 0x06160000)
  to   space 1344K,   0% used [0x05ec0000, 0x05ec0000, 0x06010000)
 tenured generation   total 27164K, used 25570K [0x1a950000, 0x1c3d7000, 0x45400000)
   the space 27164K,  94% used [0x1a950000, 0x1c248870, 0x1c248a00, 0x1c3d7000)
 Metaspace       used 32179K, capacity 33060K, committed 33152K, reserved 33152K
Event: 9.297 GC heap after
Heap after GC invocations=88 (full 3):
 def new generation   total 12352K, used 1171K [0x05400000, 0x06160000, 0x1a950000)
  eden space 11008K,   0% used [0x05400000, 0x05400000, 0x05ec0000)
  from space 1344K,  87% used [0x05ec0000, 0x05fe4c28, 0x06010000)
  to   space 1344K,   0% used [0x06010000, 0x06010000, 0x06160000)
 tenured generation   total 27164K, used 26094K [0x1a950000, 0x1c3d7000, 0x45400000)
   the space 27164K,  96% used [0x1a950000, 0x1c2cb970, 0x1c2cba00, 0x1c3d7000)
 Metaspace       used 32179K, capacity 33060K, committed 33152K, reserved 33152K
}
Event: 9.431 GC heap before
{Heap before GC invocations=88 (full 3):
 def new generation   total 12352K, used 12179K [0x05400000, 0x06160000, 0x1a950000)
  eden space 11008K, 100% used [0x05400000, 0x05ec0000, 0x05ec0000)
  from space 1344K,  87% used [0x05ec0000, 0x05fe4c28, 0x06010000)
  to   space 1344K,   0% used [0x06010000, 0x06010000, 0x06160000)
 tenured generation   total 27164K, used 26094K [0x1a950000, 0x1c3d7000, 0x45400000)
   the space 27164K,  96% used [0x1a950000, 0x1c2cb970, 0x1c2cba00, 0x1c3d7000)
 Metaspace       used 32200K, capacity 33092K, committed 33152K, reserved 33152K
Event: 9.439 GC heap after
Heap after GC invocations=89 (full 3):
 def new generation   total 12352K, used 435K [0x05400000, 0x06160000, 0x1a950000)
  eden space 11008K,   0% used [0x05400000, 0x05400000, 0x05ec0000)
  from space 1344K,  32% used [0x06010000, 0x0607cf50, 0x06160000)
  to   space 1344K,   0% used [0x05ec0000, 0x05ec0000, 0x06010000)
 tenured generation   total 27164K, used 26685K [0x1a950000, 0x1c3d7000, 0x45400000)
   the space 27164K,  98% used [0x1a950000, 0x1c35f648, 0x1c35f800, 0x1c3d7000)
 Metaspace       used 32200K, capacity 33092K, committed 33152K, reserved 33152K
}
Event: 9.547 GC heap before
{Heap before GC invocations=89 (full 3):
 def new generation   total 12352K, used 11443K [0x05400000, 0x06160000, 0x1a950000)
  eden space 11008K, 100% used [0x05400000, 0x05ec0000, 0x05ec0000)
  from space 1344K,  32% used [0x06010000, 0x0607cf50, 0x06160000)
  to   space 1344K,   0% used [0x05ec0000, 0x05ec0000, 0x06010000)
 tenured generation   total 27164K, used 26685K [0x1a950000, 0x1c3d7000, 0x45400000)
   the space 27164K,  98% used [0x1a950000, 0x1c35f648, 0x1c35f800, 0x1c3d7000)
 Metaspace       used 32200K, capacity 33092K, committed 33152K, reserved 33152K
Event: 9.672 GC heap after
Heap after GC invocations=90 (full 4):
 def new generation   total 21312K, used 0K [0x05400000, 0x06b10000, 0x1a950000)
  eden space 19008K,   0% used [0x05400000, 0x05400000, 0x06690000)
  from space 2304K,   0% used [0x06690000, 0x06690000, 0x068d0000)
  to   space 2304K,   0% used [0x068d0000, 0x068d0000, 0x06b10000)
 tenured generation   total 47032K, used 28218K [0x1a950000, 0x1d73e000, 0x45400000)
   the space 47032K,  59% used [0x1a950000, 0x1c4dea68, 0x1c4dec00, 0x1d73e000)
 Metaspace       used 32139K, capacity 33000K, committed 33152K, reserved 33152K
}
Event: 9.817 GC heap before
{Heap before GC invocations=90 (full 4):
 def new generation   total 21312K, used 19008K [0x05400000, 0x06b10000, 0x1a950000)
  eden space 19008K, 100% used [0x05400000, 0x06690000, 0x06690000)
  from space 2304K,   0% used [0x06690000, 0x06690000, 0x068d0000)
  to   space 2304K,   0% used [0x068d0000, 0x068d0000, 0x06b10000)
 tenured generation   total 47032K, used 28218K [0x1a950000, 0x1d73e000, 0x45400000)
   the space 47032K,  59% used [0x1a950000, 0x1c4dea68, 0x1c4dec00, 0x1d73e000)
 Metaspace       used 32326K, capacity 33178K, committed 33280K, reserved 34176K
Event: 9.827 GC heap after
Heap after GC invocations=91 (full 4):
 def new generation   total 21312K, used 2304K [0x05400000, 0x06b10000, 0x1a950000)
  eden space 19008K,   0% used [0x05400000, 0x05400000, 0x06690000)
  from space 2304K, 100% used [0x068d0000, 0x06b10000, 0x06b10000)
  to   space 2304K,   0% used [0x06690000, 0x06690000, 0x068d0000)
 tenured generation   total 47032K, used 28366K [0x1a950000, 0x1d73e000, 0x45400000)
   the space 47032K,  60% used [0x1a950000, 0x1c503a58, 0x1c503c00, 0x1d73e000)
 Metaspace       used 32326K, capacity 33178K, committed 33280K, reserved 34176K
}
Event: 9.982 GC heap before
{Heap before GC invocations=91 (full 4):
 def new generation   total 21312K, used 21312K [0x05400000, 0x06b10000, 0x1a950000)
  eden space 19008K, 100% used [0x05400000, 0x06690000, 0x06690000)
  from space 2304K, 100% used [0x068d0000, 0x06b10000, 0x06b10000)
  to   space 2304K,   0% used [0x06690000, 0x06690000, 0x068d0000)
 tenured generation   total 47032K, used 28366K [0x1a950000, 0x1d73e000, 0x45400000)
   the space 47032K,  60% used [0x1a950000, 0x1c503a58, 0x1c503c00, 0x1d73e000)
 Metaspace       used 33576K, capacity 34406K, committed 34560K, reserved 35200K
Event: 9.996 GC heap after
Heap after GC invocations=92 (full 4):
 def new generation   total 21312K, used 1464K [0x05400000, 0x06b10000, 0x1a950000)
  eden space 19008K,   0% used [0x05400000, 0x05400000, 0x06690000)
  from space 2304K,  63% used [0x06690000, 0x067fe320, 0x068d0000)
  to   space 2304K,   0% used [0x068d0000, 0x068d0000, 0x06b10000)
 tenured generation   total 47032K, used 30520K [0x1a950000, 0x1d73e000, 0x45400000)
   the space 47032K,  64% used [0x1a950000, 0x1c71e218, 0x1c71e400, 0x1d73e000)
 Metaspace       used 33576K, capacity 34406K, committed 34560K, reserved 35200K
}

