# JRE version: Java(TM) SE Runtime Environment (8.0_112-b15) (build 1.8.0_112-b15)
# Java VM: Java HotSpot(TM) Client VM (25.112-b15 mixed mode windows-x86 )
Heap:
 def new generation   total 21376K, used 2908K [0x05400000, 0x06b30000, 0x1a950000)
  eden space 19008K,   6% used [0x05400000, 0x05540388, 0x06690000)
  from space 2368K,  68% used [0x06690000, 0x06826f38, 0x068e0000)
  to   space 2368K,   0% used [0x068e0000, 0x068e0000, 0x06b30000)
 tenured generation   total 47304K, used 30524K [0x1a950000, 0x1d782000, 0x45400000)
   the space 47304K,  64% used [0x1a950000, 0x1c71f2a0, 0x1c71f400, 0x1d782000)
 Metaspace       used 33574K, capacity 34433K, committed 34560K, reserved 35200K
GC Heap History (10 events):
Event: 9.138 GC heap before
{Heap before GC invocations=86 (full 3):
 def new generation   total 12544K, used 12318K [0x05400000, 0x06190000, 0x1a950000)
  eden space 11200K, 100% used [0x05400000, 0x05ef0000, 0x05ef0000)
  from space 1344K,  83% used [0x05ef0000, 0x06007b38, 0x06040000)
  to   space 1344K,   0% used [0x06040000, 0x06040000, 0x06190000)
 tenured generation   total 27584K, used 25625K [0x1a950000, 0x1c440000, 0x45400000)
   the space 27584K,  92% used [0x1a950000, 0x1c2566d0, 0x1c256800, 0x1c440000)
 Metaspace       used 31653K, capacity 32549K, committed 32640K, reserved 33152K
Event: 9.145 GC heap after
Heap after GC invocations=87 (full 3):
 def new generation   total 12544K, used 871K [0x05400000, 0x06190000, 0x1a950000)
  eden space 11200K,   0% used [0x05400000, 0x05400000, 0x05ef0000)
  from space 1344K,  64% used [0x06040000, 0x06119eb8, 0x06190000)
  to   space 1344K,   0% used [0x05ef0000, 0x05ef0000, 0x06040000)
 tenured generation   total 27584K, used 26297K [0x1a950000, 0x1c440000, 0x45400000)
   the space 27584K,  95% used [0x1a950000, 0x1c2fe798, 0x1c2fe800, 0x1c440000)
 Metaspace       used 31653K, capacity 32549K, committed 32640K, reserved 33152K
}
Event: 9.435 GC heap before
{Heap before GC invocations=87 (full 3):
 def new generation   total 12544K, used 12071K [0x05400000, 0x06190000, 0x1a950000)
  eden space 11200K,  99% used [0x05400000, 0x05eeff98, 0x05ef0000)
  from space 1344K,  64% used [0x06040000, 0x06119eb8, 0x06190000)
  to   space 1344K,   0% used [0x05ef0000, 0x05ef0000, 0x06040000)
 tenured generation   total 27584K, used 26297K [0x1a950000, 0x1c440000, 0x45400000)
   the space 27584K,  95% used [0x1a950000, 0x1c2fe798, 0x1c2fe800, 0x1c440000)
 Metaspace       used 32089K, capacity 32948K, committed 33024K, reserved 33152K
Event: 9.446 GC heap after
Heap after GC invocations=88 (full 3):
 def new generation   total 12544K, used 1140K [0x05400000, 0x06190000, 0x1a950000)
  eden space 11200K,   0% used [0x05400000, 0x05400000, 0x05ef0000)
  from space 1344K,  84% used [0x05ef0000, 0x0600d3f8, 0x06040000)
  to   space 1344K,   0% used [0x06040000, 0x06040000, 0x06190000)
 tenured generation   total 27584K, used 26919K [0x1a950000, 0x1c440000, 0x45400000)
   the space 27584K,  97% used [0x1a950000, 0x1c399d78, 0x1c399e00, 0x1c440000)
 Metaspace       used 32089K, capacity 32948K, committed 33024K, reserved 33152K
}
Event: 9.588 GC heap before
{Heap before GC invocations=88 (full 3):
 def new generation   total 12544K, used 12340K [0x05400000, 0x06190000, 0x1a950000)
  eden space 11200K, 100% used [0x05400000, 0x05ef0000, 0x05ef0000)
  from space 1344K,  84% used [0x05ef0000, 0x0600d3f8, 0x06040000)
  to   space 1344K,   0% used [0x06040000, 0x06040000, 0x06190000)
 tenured generation   total 27584K, used 26919K [0x1a950000, 0x1c440000, 0x45400000)
   the space 27584K,  97% used [0x1a950000, 0x1c399d78, 0x1c399e00, 0x1c440000)
 Metaspace       used 32110K, capacity 32980K, committed 33024K, reserved 33152K
Event: 9.596 GC heap after
Heap after GC invocations=89 (full 3):
 def new generation   total 12544K, used 618K [0x05400000, 0x06190000, 0x1a950000)
  eden space 11200K,   0% used [0x05400000, 0x05400000, 0x05ef0000)
  from space 1344K,  45% used [0x06040000, 0x060da838, 0x06190000)
  to   space 1344K,   0% used [0x05ef0000, 0x05ef0000, 0x06040000)
 tenured generation   total 27584K, used 27499K [0x1a950000, 0x1c440000, 0x45400000)
   the space 27584K,  99% used [0x1a950000, 0x1c42af98, 0x1c42b000, 0x1c440000)
 Metaspace       used 32110K, capacity 32980K, committed 33024K, reserved 33152K
}
Event: 9.742 GC heap before
{Heap before GC invocations=89 (full 3):
 def new generation   total 12544K, used 11818K [0x05400000, 0x06190000, 0x1a950000)
  eden space 11200K, 100% used [0x05400000, 0x05ef0000, 0x05ef0000)
  from space 1344K,  45% used [0x06040000, 0x060da838, 0x06190000)
  to   space 1344K,   0% used [0x05ef0000, 0x05ef0000, 0x06040000)
 tenured generation   total 27584K, used 27499K [0x1a950000, 0x1c440000, 0x45400000)
   the space 27584K,  99% used [0x1a950000, 0x1c42af98, 0x1c42b000, 0x1c440000)
 Metaspace       used 32110K, capacity 32980K, committed 33024K, reserved 33152K
Event: 9.934 GC heap after
Heap after GC invocations=90 (full 4):
 def new generation   total 21376K, used 0K [0x05400000, 0x06b30000, 0x1a950000)
  eden space 19008K,   0% used [0x05400000, 0x05400000, 0x06690000)
  from space 2368K,   0% used [0x06690000, 0x06690000, 0x068e0000)
  to   space 2368K,   0% used [0x068e0000, 0x068e0000, 0x06b30000)
 tenured generation   total 47304K, used 28381K [0x1a950000, 0x1d782000, 0x45400000)
   the space 47304K,  59% used [0x1a950000, 0x1c5074c8, 0x1c507600, 0x1d782000)
 Metaspace       used 32104K, capacity 32963K, committed 33024K, reserved 33152K
}
Event: 10.158 GC heap before
{Heap before GC invocations=90 (full 4):
 def new generation   total 21376K, used 19008K [0x05400000, 0x06b30000, 0x1a950000)
  eden space 19008K, 100% used [0x05400000, 0x06690000, 0x06690000)
  from space 2368K,   0% used [0x06690000, 0x06690000, 0x068e0000)
  to   space 2368K,   0% used [0x068e0000, 0x068e0000, 0x06b30000)
 tenured generation   total 47304K, used 28381K [0x1a950000, 0x1d782000, 0x45400000)
   the space 47304K,  59% used [0x1a950000, 0x1c5074c8, 0x1c507600, 0x1d782000)
 Metaspace       used 32292K, capacity 33141K, committed 33152K, reserved 33152K
Event: 10.174 GC heap after
Heap after GC invocations=91 (full 4):
 def new generation   total 21376K, used 2368K [0x05400000, 0x06b30000, 0x1a950000)
  eden space 19008K,   0% used [0x05400000, 0x05400000, 0x06690000)
  from space 2368K, 100% used [0x068e0000, 0x06b30000, 0x06b30000)
  to   space 2368K,   0% used [0x06690000, 0x06690000, 0x068e0000)
 tenured generation   total 47304K, used 28459K [0x1a950000, 0x1d782000, 0x45400000)
   the space 47304K,  60% used [0x1a950000, 0x1c51af70, 0x1c51b000, 0x1d782000)
 Metaspace       used 32292K, capacity 33141K, committed 33152K, reserved 33152K
}

