# JRE version: Java(TM) SE Runtime Environment (8.0_112-b15) (build 1.8.0_112-b15)
# Java VM: Java HotSpot(TM) Client VM (25.112-b15 mixed mode windows-x86 )
Heap:
 def new generation   total 20800K, used 8946K [0x05400000, 0x06a90000, 0x1a950000)
  eden space 18496K,  40% used [0x05400000, 0x05b55fa0, 0x06610000)
  from space 2304K,  62% used [0x06610000, 0x067768e0, 0x06850000)
  to   space 2304K,   0% used [0x06850000, 0x06850000, 0x06a90000)
 tenured generation   total 45932K, used 30260K [0x1a950000, 0x1d62b000, 0x45400000)
   the space 45932K,  65% used [0x1a950000, 0x1c6dd330, 0x1c6dd400, 0x1d62b000)
 Metaspace       used 33556K, capacity 34404K, committed 34560K, reserved 35200K
GC Heap History (10 events):
Event: 8.678 GC heap before
{Heap before GC invocations=85 (full 3):
 def new generation   total 12672K, used 12296K [0x05400000, 0x061b0000, 0x1a950000)
  eden space 11328K, 100% used [0x05400000, 0x05f10000, 0x05f10000)
  from space 1344K,  72% used [0x05f10000, 0x060023f8, 0x06060000)
  to   space 1344K,   0% used [0x06060000, 0x06060000, 0x061b0000)
 tenured generation   total 27764K, used 26107K [0x1a950000, 0x1c46d000, 0x45400000)
   the space 27764K,  94% used [0x1a950000, 0x1c2cec78, 0x1c2cee00, 0x1c46d000)
 Metaspace       used 31888K, capacity 32777K, committed 32896K, reserved 33152K
Event: 8.685 GC heap after
Heap after GC invocations=86 (full 3):
 def new generation   total 12672K, used 1061K [0x05400000, 0x061b0000, 0x1a950000)
  eden space 11328K,   0% used [0x05400000, 0x05400000, 0x05f10000)
  from space 1344K,  78% used [0x06060000, 0x061696b0, 0x061b0000)
  to   space 1344K,   0% used [0x05f10000, 0x05f10000, 0x06060000)
 tenured generation   total 27764K, used 26859K [0x1a950000, 0x1c46d000, 0x45400000)
   the space 27764K,  96% used [0x1a950000, 0x1c38ac10, 0x1c38ae00, 0x1c46d000)
 Metaspace       used 31888K, capacity 32777K, committed 32896K, reserved 33152K
}
Event: 8.932 GC heap before
{Heap before GC invocations=86 (full 3):
 def new generation   total 12672K, used 12389K [0x05400000, 0x061b0000, 0x1a950000)
  eden space 11328K, 100% used [0x05400000, 0x05f10000, 0x05f10000)
  from space 1344K,  78% used [0x06060000, 0x061696b0, 0x061b0000)
  to   space 1344K,   0% used [0x05f10000, 0x05f10000, 0x06060000)
 tenured generation   total 27764K, used 26859K [0x1a950000, 0x1c46d000, 0x45400000)
   the space 27764K,  96% used [0x1a950000, 0x1c38ac10, 0x1c38ae00, 0x1c46d000)
 Metaspace       used 32138K, capacity 33036K, committed 33152K, reserved 33152K
Event: 8.937 GC heap after
Heap after GC invocations=87 (full 3):
 def new generation   total 12672K, used 642K [0x05400000, 0x061b0000, 0x1a950000)
  eden space 11328K,   0% used [0x05400000, 0x05400000, 0x05f10000)
  from space 1344K,  47% used [0x05f10000, 0x05fb0b38, 0x06060000)
  to   space 1344K,   0% used [0x06060000, 0x06060000, 0x061b0000)
 tenured generation   total 27764K, used 27444K [0x1a950000, 0x1c46d000, 0x45400000)
   the space 27764K,  98% used [0x1a950000, 0x1c41d168, 0x1c41d200, 0x1c46d000)
 Metaspace       used 32138K, capacity 33036K, committed 33152K, reserved 33152K
}
Event: 9.155 GC heap before
{Heap before GC invocations=87 (full 3):
 def new generation   total 12672K, used 11970K [0x05400000, 0x061b0000, 0x1a950000)
  eden space 11328K, 100% used [0x05400000, 0x05f10000, 0x05f10000)
  from space 1344K,  47% used [0x05f10000, 0x05fb0b38, 0x06060000)
  to   space 1344K,   0% used [0x06060000, 0x06060000, 0x061b0000)
 tenured generation   total 27764K, used 27444K [0x1a950000, 0x1c46d000, 0x45400000)
   the space 27764K,  98% used [0x1a950000, 0x1c41d168, 0x1c41d200, 0x1c46d000)
 Metaspace       used 32159K, capacity 33068K, committed 33152K, reserved 33152K
Event: 9.289 GC heap after
Heap after GC invocations=88 (full 4):
 def new generation   total 20800K, used 0K [0x05400000, 0x06a90000, 0x1a950000)
  eden space 18496K,   0% used [0x05400000, 0x05400000, 0x06610000)
  from space 2304K,   0% used [0x06610000, 0x06610000, 0x06850000)
  to   space 2304K,   0% used [0x06850000, 0x06850000, 0x06a90000)
 tenured generation   total 45932K, used 27558K [0x1a950000, 0x1d62b000, 0x45400000)
   the space 45932K,  59% used [0x1a950000, 0x1c439aa0, 0x1c439c00, 0x1d62b000)
 Metaspace       used 32094K, capacity 32965K, committed 33152K, reserved 33152K
}
Event: 9.430 GC heap before
{Heap before GC invocations=88 (full 4):
 def new generation   total 20800K, used 18496K [0x05400000, 0x06a90000, 0x1a950000)
  eden space 18496K, 100% used [0x05400000, 0x06610000, 0x06610000)
  from space 2304K,   0% used [0x06610000, 0x06610000, 0x06850000)
  to   space 2304K,   0% used [0x06850000, 0x06850000, 0x06a90000)
 tenured generation   total 45932K, used 27558K [0x1a950000, 0x1d62b000, 0x45400000)
   the space 45932K,  59% used [0x1a950000, 0x1c439aa0, 0x1c439c00, 0x1d62b000)
 Metaspace       used 32095K, capacity 32965K, committed 33152K, reserved 33152K
Event: 9.440 GC heap after
Heap after GC invocations=89 (full 4):
 def new generation   total 20800K, used 2304K [0x05400000, 0x06a90000, 0x1a950000)
  eden space 18496K,   0% used [0x05400000, 0x05400000, 0x06610000)
  from space 2304K, 100% used [0x06850000, 0x06a90000, 0x06a90000)
  to   space 2304K,   0% used [0x06610000, 0x06610000, 0x06850000)
 tenured generation   total 45932K, used 27992K [0x1a950000, 0x1d62b000, 0x45400000)
   the space 45932K,  60% used [0x1a950000, 0x1c4a6280, 0x1c4a6400, 0x1d62b000)
 Metaspace       used 32095K, capacity 32965K, committed 33152K, reserved 33152K
}
Event: 9.570 GC heap before
{Heap before GC invocations=89 (full 4):
 def new generation   total 20800K, used 20800K [0x05400000, 0x06a90000, 0x1a950000)
  eden space 18496K, 100% used [0x05400000, 0x06610000, 0x06610000)
  from space 2304K, 100% used [0x06850000, 0x06a90000, 0x06a90000)
  to   space 2304K,   0% used [0x06610000, 0x06610000, 0x06850000)
 tenured generation   total 45932K, used 27992K [0x1a950000, 0x1d62b000, 0x45400000)
   the space 45932K,  60% used [0x1a950000, 0x1c4a6280, 0x1c4a6400, 0x1d62b000)
 Metaspace       used 32757K, capacity 33631K, committed 33792K, reserved 34176K
Event: 9.582 GC heap after
Heap after GC invocations=90 (full 4):
 def new generation   total 20800K, used 1434K [0x05400000, 0x06a90000, 0x1a950000)
  eden space 18496K,   0% used [0x05400000, 0x05400000, 0x06610000)
  from space 2304K,  62% used [0x06610000, 0x067768e0, 0x06850000)
  to   space 2304K,   0% used [0x06850000, 0x06850000, 0x06a90000)
 tenured generation   total 45932K, used 30260K [0x1a950000, 0x1d62b000, 0x45400000)
   the space 45932K,  65% used [0x1a950000, 0x1c6dd330, 0x1c6dd400, 0x1d62b000)
 Metaspace       used 32757K, capacity 33631K, committed 33792K, reserved 34176K
}

