# JRE version: Java(TM) SE Runtime Environment (8.0_112-b15) (build 1.8.0_112-b15)
# Java VM: Java HotSpot(TM) Client VM (25.112-b15 mixed mode windows-x86 )
Heap:
 def new generation   total 32640K, used 4328K [0x05400000, 0x07760000, 0x1a950000)
  eden space 29056K,   5% used [0x05400000, 0x055788e8, 0x07060000)
  from space 3584K,  78% used [0x07060000, 0x07321800, 0x073e0000)
  to   space 3584K,   0% used [0x073e0000, 0x073e0000, 0x07760000)
 tenured generation   total 72296K, used 57190K [0x1a950000, 0x1efea000, 0x45400000)
   the space 72296K,  79% used [0x1a950000, 0x1e129900, 0x1e129a00, 0x1efea000)
 Metaspace       used 41778K, capacity 43188K, committed 43264K, reserved 43392K
GC Heap History (10 events):
Event: 26.799 GC heap before
{Heap before GC invocations=102 (full 5):
 def new generation   total 32640K, used 32640K [0x05400000, 0x07760000, 0x1a950000)
  eden space 29056K, 100% used [0x05400000, 0x07060000, 0x07060000)
  from space 3584K, 100% used [0x07060000, 0x073e0000, 0x073e0000)
  to   space 3584K,   0% used [0x073e0000, 0x073e0000, 0x07760000)
 tenured generation   total 72296K, used 43908K [0x1a950000, 0x1efea000, 0x45400000)
   the space 72296K,  60% used [0x1a950000, 0x1d431250, 0x1d431400, 0x1efea000)
 Metaspace       used 39323K, capacity 40643K, committed 40704K, reserved 41344K
Event: 26.823 GC heap after
Heap after GC invocations=103 (full 5):
 def new generation   total 32640K, used 2149K [0x05400000, 0x07760000, 0x1a950000)
  eden space 29056K,   0% used [0x05400000, 0x05400000, 0x07060000)
  from space 3584K,  59% used [0x073e0000, 0x075f9628, 0x07760000)
  to   space 3584K,   0% used [0x07060000, 0x07060000, 0x073e0000)
 tenured generation   total 72296K, used 46185K [0x1a950000, 0x1efea000, 0x45400000)
   the space 72296K,  63% used [0x1a950000, 0x1d66a670, 0x1d66a800, 0x1efea000)
 Metaspace       used 39323K, capacity 40643K, committed 40704K, reserved 41344K
}
Event: 27.558 GC heap before
{Heap before GC invocations=103 (full 5):
 def new generation   total 32640K, used 31205K [0x05400000, 0x07760000, 0x1a950000)
  eden space 29056K, 100% used [0x05400000, 0x07060000, 0x07060000)
  from space 3584K,  59% used [0x073e0000, 0x075f9628, 0x07760000)
  to   space 3584K,   0% used [0x07060000, 0x07060000, 0x073e0000)
 tenured generation   total 72296K, used 46185K [0x1a950000, 0x1efea000, 0x45400000)
   the space 72296K,  63% used [0x1a950000, 0x1d66a670, 0x1d66a800, 0x1efea000)
 Metaspace       used 39348K, capacity 40715K, committed 40832K, reserved 41344K
Event: 27.570 GC heap after
Heap after GC invocations=104 (full 5):
 def new generation   total 32640K, used 1113K [0x05400000, 0x07760000, 0x1a950000)
  eden space 29056K,   0% used [0x05400000, 0x05400000, 0x07060000)
  from space 3584K,  31% used [0x07060000, 0x07176438, 0x073e0000)
  to   space 3584K,   0% used [0x073e0000, 0x073e0000, 0x07760000)
 tenured generation   total 72296K, used 48302K [0x1a950000, 0x1efea000, 0x45400000)
   the space 72296K,  66% used [0x1a950000, 0x1d87b878, 0x1d87ba00, 0x1efea000)
 Metaspace       used 39348K, capacity 40715K, committed 40832K, reserved 41344K
}
Event: 27.936 GC heap before
{Heap before GC invocations=104 (full 5):
 def new generation   total 32640K, used 30169K [0x05400000, 0x07760000, 0x1a950000)
  eden space 29056K, 100% used [0x05400000, 0x07060000, 0x07060000)
  from space 3584K,  31% used [0x07060000, 0x07176438, 0x073e0000)
  to   space 3584K,   0% used [0x073e0000, 0x073e0000, 0x07760000)
 tenured generation   total 72296K, used 48302K [0x1a950000, 0x1efea000, 0x45400000)
   the space 72296K,  66% used [0x1a950000, 0x1d87b878, 0x1d87ba00, 0x1efea000)
 Metaspace       used 39421K, capacity 40762K, committed 40832K, reserved 41344K
Event: 27.955 GC heap after
Heap after GC invocations=105 (full 5):
 def new generation   total 32640K, used 2749K [0x05400000, 0x07760000, 0x1a950000)
  eden space 29056K,   0% used [0x05400000, 0x05400000, 0x07060000)
  from space 3584K,  76% used [0x073e0000, 0x0768f7e0, 0x07760000)
  to   space 3584K,   0% used [0x07060000, 0x07060000, 0x073e0000)
 tenured generation   total 72296K, used 48302K [0x1a950000, 0x1efea000, 0x45400000)
   the space 72296K,  66% used [0x1a950000, 0x1d87b878, 0x1d87ba00, 0x1efea000)
 Metaspace       used 39421K, capacity 40762K, committed 40832K, reserved 41344K
}
Event: 28.624 GC heap before
{Heap before GC invocations=105 (full 5):
 def new generation   total 32640K, used 31805K [0x05400000, 0x07760000, 0x1a950000)
  eden space 29056K, 100% used [0x05400000, 0x07060000, 0x07060000)
  from space 3584K,  76% used [0x073e0000, 0x0768f7e0, 0x07760000)
  to   space 3584K,   0% used [0x07060000, 0x07060000, 0x073e0000)
 tenured generation   total 72296K, used 48302K [0x1a950000, 0x1efea000, 0x45400000)
   the space 72296K,  66% used [0x1a950000, 0x1d87b878, 0x1d87ba00, 0x1efea000)
 Metaspace       used 40315K, capacity 41698K, committed 41728K, reserved 42368K
Event: 28.646 GC heap after
Heap after GC invocations=106 (full 5):
 def new generation   total 32640K, used 2917K [0x05400000, 0x07760000, 0x1a950000)
  eden space 29056K,   0% used [0x05400000, 0x05400000, 0x07060000)
  from space 3584K,  81% used [0x07060000, 0x07339420, 0x073e0000)
  to   space 3584K,   0% used [0x073e0000, 0x073e0000, 0x07760000)
 tenured generation   total 72296K, used 50913K [0x1a950000, 0x1efea000, 0x45400000)
   the space 72296K,  70% used [0x1a950000, 0x1db08440, 0x1db08600, 0x1efea000)
 Metaspace       used 40315K, capacity 41698K, committed 41728K, reserved 42368K
}
Event: 29.344 GC heap before
{Heap before GC invocations=106 (full 5):
 def new generation   total 32640K, used 31973K [0x05400000, 0x07760000, 0x1a950000)
  eden space 29056K, 100% used [0x05400000, 0x07060000, 0x07060000)
  from space 3584K,  81% used [0x07060000, 0x07339420, 0x073e0000)
  to   space 3584K,   0% used [0x073e0000, 0x073e0000, 0x07760000)
 tenured generation   total 72296K, used 50913K [0x1a950000, 0x1efea000, 0x45400000)
   the space 72296K,  70% used [0x1a950000, 0x1db08440, 0x1db08600, 0x1efea000)
 Metaspace       used 40336K, capacity 41698K, committed 41728K, reserved 42368K
Event: 29.371 GC heap after
Heap after GC invocations=107 (full 5):
 def new generation   total 32640K, used 3584K [0x05400000, 0x07760000, 0x1a950000)
  eden space 29056K,   0% used [0x05400000, 0x05400000, 0x07060000)
  from space 3584K, 100% used [0x073e0000, 0x07760000, 0x07760000)
  to   space 3584K,   0% used [0x07060000, 0x07060000, 0x073e0000)
 tenured generation   total 72296K, used 53656K [0x1a950000, 0x1efea000, 0x45400000)
   the space 72296K,  74% used [0x1a950000, 0x1ddb6150, 0x1ddb6200, 0x1efea000)
 Metaspace       used 40336K, capacity 41698K, committed 41728K, reserved 42368K
}

